#
# A fatal error has been detected by the Java Runtime Environment:
#
#  EXCEPTION_ACCESS_VIOLATION (0xc0000005) at pc=0x0000000078aae9f9, pid=7992, tid=3140
#
# JRE version: 6.0_17-b04
# Java VM: Java HotSpot(TM) 64-Bit Server VM (14.3-b01 mixed mode windows-amd64 )
# Problematic frame:
# C  0x0000000078aae9f9
#
# If you would like to submit a bug report, please visit:
#   http://java.sun.com/webapps/bugreport/crash.jsp
#

---------------  T H R E A D  ---------------

Current thread (0x0000000050c8c000):  JavaThread "AWT-EventQueue-0" [_thread_in_vm, id=3140, stack(0x00000000b4000000,0x00000000b8000000)]

siginfo: ExceptionCode=0xc0000005, reading address 0x0000000000000001

Registers:
EAX=0x0000000000000001, EBX=0x00000000066de250, ECX=0x0000000006677f30, EDX=0x000000003ac10108
ESP=0x00000000b7ffe9b0, EBP=0x000000003ac10108, ESI=0x000000003ac10108, EDI=0x0000000006677f30
EIP=0x0000000078aae9f9, EFLAGS=0x0000000000010202

Top of Stack: (sp=0x00000000b7ffe9b0)
0x00000000b7ffe9b0:   00000000b7ffec40 0000000028551418
0x00000000b7ffe9c0:   0000000000000000 0000000028180ec8
0x00000000b7ffe9d0:   00000000511361d0 0000000078aaeb14
0x00000000b7ffe9e0:   00000000066de250 0000000009fcfec0
0x00000000b7ffe9f0:   000000003ac10108 0000000051811ab8
0x00000000b7ffea00:   0000000000000002 0000000078a6f749
0x00000000b7ffea10:   0000000050ffdcf8 0000000077a17939
0x00000000b7ffea20:   0000000051811ab8 0000000050c8c000
0x00000000b7ffea30:   0000000050c8c000 0000000000000000
0x00000000b7ffea40:   0000000006adc540 0000000051aa3e20
0x00000000b7ffea50:   0000000028ef78f8 000000005057310f
0x00000000b7ffea60:   0000000051aa3d30 0000000028180ec8
0x00000000b7ffea70:   0000000051aa3e20 0000000050c8c1b8
0x00000000b7ffea80:   000000005064fb01 00000169005a90d2
0x00000000b7ffea90:   000000005064f990 0000000050c8c000
0x00000000b7ffeaa0:   00000000b7ffec48 0000000000000000 

Instructions: (pc=0x0000000078aae9f9)
0x0000000078aae9e9:   c1 89 8a 00 01 00 00 eb 11 48 8b 87 20 01 00 00
0x0000000078aae9f9:   48 8b 08 48 89 8f 20 01 00 00 4c 8b 64 24 20 48 


Stack: [0x00000000b4000000,0x00000000b8000000],  sp=0x00000000b7ffe9b0,  free space=65530k
Native frames: (J=compiled Java code, j=interpreted, Vv=VM code, C=native code)
C  0x0000000078aae9f9

Java frames: (J=compiled Java code, j=interpreted, Vv=VM code)
j  sun.awt.windows.WComponentPeer._requestFocus(Ljava/awt/Component;ZZJLsun/awt/CausedFocusEvent$Cause;)Z+0
J  java.awt.Component.requestFocusHelper(ZZLsun/awt/CausedFocusEvent$Cause;)Z
j  java.awt.Component.requestFocusHelper(ZZ)Z+6
j  java.awt.Component.requestFocus()V+3
j  com.mathworks.widgets.desk.DTClient.requestFocus(Z)V+106
j  com.mathworks.widgets.desk.DTClient.requestFocus()V+2
j  com.mathworks.widgets.desk.DTClient.setSelected(ZZZ)V+142
j  com.mathworks.widgets.desk.DTOccupant.setSelected(ZZ)V+4
j  com.mathworks.widgets.desk.DTOccupant.setSelected(Z)V+3
j  com.mathworks.widgets.desk.Desktop.setClientSelected(Lcom/mathworks/widgets/desk/DTClient;Z)V+9
j  sun.reflect.GeneratedMethodAccessor59.invoke(Ljava/lang/Object;[Ljava/lang/Object;)Ljava/lang/Object;+71
J  java.lang.reflect.Method.invoke(Ljava/lang/Object;[Ljava/lang/Object;)Ljava/lang/Object;
j  com.mathworks.widgets.desk.Desktop$DeferredFacadeProxy.invoke(Ljava/lang/Object;Ljava/lang/reflect/Method;[Ljava/lang/Object;)Ljava/lang/Object;+69
j  $Proxy0.setClientSelected(Lcom/mathworks/widgets/desk/DTClient;Z)V+23
j  com.mathworks.widgets.desk.Desktop.setClientSelected(Ljava/awt/Component;Z)V+25
j  com.mathworks.hg.peer.FigureClientProxy.toFront()V+16
j  com.mathworks.hg.peer.FigureMediator.toFront()V+4
j  com.mathworks.hg.peer.FigurePeer.doSetFigureVisible(ZZ)V+107
j  com.mathworks.hg.peer.FigurePeer$19.run()V+12
J  com.mathworks.hg.util.HGPeerQueue$HGPeerRunnablesRunner.runit(Z[I)V
J  com.mathworks.hg.util.HGPeerQueue$HGPeerRunnablesRunner.runThese(I)V
j  com.mathworks.hg.util.HGPeerQueue$HGPeerRunnablesRunner.run()V+70
J  java.awt.event.InvocationEvent.dispatch()V
J  java.awt.EventDispatchThread.pumpOneEventForFilters(I)Z
J  java.awt.EventDispatchThread.pumpEventsForFilter(ILjava/awt/Conditional;Ljava/awt/EventFilter;)V
j  java.awt.EventDispatchThread.pumpEventsForHierarchy(ILjava/awt/Conditional;Ljava/awt/Component;)V+11
j  java.awt.EventDispatchThread.pumpEvents(ILjava/awt/Conditional;)V+4
j  java.awt.EventDispatchThread.pumpEvents(Ljava/awt/Conditional;)V+3
j  java.awt.EventDispatchThread.run()V+9
v  ~StubRoutines::call_stub

---------------  P R O C E S S  ---------------

Java Threads: ( => current thread )
  0x0000000054d41800 JavaThread "Prefs Updater" daemon [_thread_blocked, id=8212, stack(0x0000000138000000,0x000000013c000000)]
  0x0000000054d42000 JavaThread "Timer-2" daemon [_thread_blocked, id=9924, stack(0x0000000130000000,0x0000000134000000)]
  0x0000000054d43000 JavaThread "com.jniwrapper.NativeResourceCollector" daemon [_thread_blocked, id=10784, stack(0x0000000124000000,0x0000000128000000)]
  0x0000000054d45000 JavaThread "MultiThreadedHttpConnectionManager cleanup" daemon [_thread_blocked, id=10372, stack(0x0000000110000000,0x0000000114000000)]
  0x0000000054d40800 JavaThread "Swing-Shell" daemon [_thread_blocked, id=9196, stack(0x0000000114000000,0x0000000118000000)]
  0x000000005153a000 JavaThread "Code Analyzer updating thread" [_thread_blocked, id=9580, stack(0x0000000104000000,0x0000000108000000)]
  0x0000000051538800 JavaThread "Code Analyzer updating thread" [_thread_blocked, id=3004, stack(0x0000000100000000,0x0000000104000000)]
  0x0000000051538000 JavaThread "Code Analyzer updating thread" [_thread_blocked, id=3088, stack(0x00000000fc000000,0x0000000100000000)]
  0x0000000051537000 JavaThread "Code Analyzer updating thread" [_thread_blocked, id=11572, stack(0x00000000f8000000,0x00000000fc000000)]
  0x0000000051536800 JavaThread "Code Analyzer updating thread" [_thread_blocked, id=9492, stack(0x00000000f4000000,0x00000000f8000000)]
  0x0000000051535800 JavaThread "Code Analyzer updating thread" [_thread_blocked, id=12036, stack(0x00000000f0000000,0x00000000f4000000)]
  0x0000000051535000 JavaThread "Active Reference Queue Daemon" daemon [_thread_blocked, id=9804, stack(0x00000000ec000000,0x00000000f0000000)]
  0x0000000051534000 JavaThread "Timer-1" daemon [_thread_blocked, id=10064, stack(0x00000000e8000000,0x00000000ec000000)]
  0x0000000051533800 JavaThread "ClipboardMonitor Timer" daemon [_thread_blocked, id=7344, stack(0x00000000dc000000,0x00000000e0000000)]
  0x0000000051532000 JavaThread "Explorer NavigationContext request queue" daemon [_thread_blocked, id=3676, stack(0x00000000d4000000,0x00000000d8000000)]
  0x0000000051530800 JavaThread "AddressBar directory emptiness poller" daemon [_thread_blocked, id=10688, stack(0x00000000cc000000,0x00000000d0000000)]
  0x0000000051530000 JavaThread "Explorer Refresh Service 327325694" daemon [_thread_blocked, id=2728, stack(0x00000000c8000000,0x00000000cc000000)]
  0x000000005152d800 JavaThread "TimerQueue" daemon [_thread_blocked, id=6280, stack(0x00000000bc000000,0x00000000c0000000)]
  0x000000005152d000 JavaThread "Thread-3" daemon [_thread_blocked, id=8508, stack(0x00000000b8000000,0x00000000bc000000)]
=>0x0000000050c8c000 JavaThread "AWT-EventQueue-0" [_thread_in_vm, id=3140, stack(0x00000000b4000000,0x00000000b8000000)]
  0x0000000050c64800 JavaThread "AWT-Shutdown" [_thread_blocked, id=11812, stack(0x0000000094000000,0x0000000098000000)]
  0x0000000051237800 JavaThread "FelixPackageAdmin" daemon [_thread_blocked, id=9752, stack(0x00000000b0000000,0x00000000b4000000)]
  0x00000000517ba800 JavaThread "FelixStartLevel" daemon [_thread_blocked, id=8984, stack(0x00000000a8000000,0x00000000ac000000)]
  0x0000000051528000 JavaThread "FelixDispatchQueue" daemon [_thread_blocked, id=6284, stack(0x00000000a0000000,0x00000000a4000000)]
  0x0000000050e8b000 JavaThread "com.google.common.base.internal.Finalizer" daemon [_thread_blocked, id=11920, stack(0x00000000ac000000,0x00000000b0000000)]
  0x0000000050c63800 JavaThread "AWT-Windows" daemon [_thread_in_native, id=11320, stack(0x00000000a4000000,0x00000000a8000000)]
  0x0000000009f72000 JavaThread "Java2D Disposer" daemon [_thread_blocked, id=8544, stack(0x0000000090000000,0x0000000094000000)]
  0x0000000050f13000 JavaThread "Timer-0" [_thread_blocked, id=11960, stack(0x000000009c000000,0x00000000a0000000)]
  0x0000000050dc5800 JavaThread "EventMgr Dispatcher" daemon [_thread_in_native, id=1260, stack(0x0000000098000000,0x000000009c000000)]
  0x0000000009fcd800 JavaThread "Low Memory Detector" daemon [_thread_blocked, id=9404, stack(0x0000000084000000,0x0000000088000000)]
  0x0000000009fc8000 JavaThread "CompilerThread1" daemon [_thread_blocked, id=3012, stack(0x0000000080000000,0x0000000084000000)]
  0x0000000009fbc800 JavaThread "CompilerThread0" daemon [_thread_blocked, id=11912, stack(0x000000006b750000,0x000000006f750000)]
  0x0000000009fbc000 JavaThread "Attach Listener" daemon [_thread_blocked, id=6544, stack(0x0000000063610000,0x0000000067610000)]
  0x000000000667a000 JavaThread "Finalizer" daemon [_thread_blocked, id=9272, stack(0x000000005a170000,0x000000005e170000)]
  0x0000000006679000 JavaThread "Reference Handler" daemon [_thread_blocked, id=7752, stack(0x0000000056170000,0x000000005a170000)]
  0x00000000065be000 JavaThread "main" [_thread_in_native, id=8564, stack(0x0000000000030000,0x0000000004030000)]

Other Threads:
  0x0000000009f63000 VMThread [stack: 0x000000004c4e0000,0x00000000504e0000] [id=10104]
  0x0000000009fe2000 WatcherThread [stack: 0x0000000088000000,0x000000008c000000] [id=9788]

VM state:not at safepoint (normal execution)

VM Mutex/Monitor currently owned by a thread:  ([mutex/lock_event])
[0x00000000066de250] JNIGlobalHandle_lock - owner thread: 0x0000000050c8c000

Heap
 PSYoungGen      total 24640K, used 20985K [0x00000000393e0000, 0x000000003ae20000, 0x000000003c4e0000)
  eden space 22592K, 86% used [0x00000000393e0000,0x000000003a6dd8a8,0x000000003a9f0000)
  from space 2048K, 75% used [0x000000003ac00000,0x000000003ad80ed8,0x000000003ae00000)
  to   space 2112K, 0% used [0x000000003a9f0000,0x000000003a9f0000,0x000000003ac00000)
 PSOldGen        total 82048K, used 63033K [0x00000000300e0000, 0x0000000035100000, 0x00000000393e0000)
  object space 82048K, 76% used [0x00000000300e0000,0x0000000033e6e4f8,0x0000000035100000)
 PSPermGen       total 117760K, used 77467K [0x00000000280e0000, 0x000000002f3e0000, 0x00000000300e0000)
  object space 117760K, 65% used [0x00000000280e0000,0x000000002cc86ee0,0x000000002f3e0000)

Dynamic libraries:
0x0000000140000000 - 0x0000000140028000 	H:\MATLAB\bin\win64\MATLAB.exe
0x0000000077c20000 - 0x0000000077dbf000 	C:\Windows\SYSTEM32\ntdll.dll
0x0000000077b00000 - 0x0000000077c1f000 	C:\Windows\system32\kernel32.dll
0x000007fefd860000 - 0x000007fefd8ca000 	C:\Windows\system32\KERNELBASE.dll
0x0000000074460000 - 0x0000000074515000 	H:\MATLAB\bin\win64\libut.dll
0x00000000758a0000 - 0x000000007595f000 	H:\MATLAB\bin\win64\libmwi18n.dll
0x0000000180000000 - 0x000000018000d000 	H:\MATLAB\bin\win64\libmwresource_core.dll
0x000000006a3d0000 - 0x000000006a468000 	H:\MATLAB\bin\win64\MSVCP100.dll
0x000000006a2f0000 - 0x000000006a3c2000 	H:\MATLAB\bin\win64\MSVCR100.dll
0x000000006a570000 - 0x000000006a57e000 	H:\MATLAB\bin\win64\boost_date_time-vc100-mt-1_49.dll
0x000000006a2c0000 - 0x000000006a2ec000 	H:\MATLAB\bin\win64\boost_filesystem-vc100-mt-1_49.dll
0x000000006a2b0000 - 0x000000006a2b9000 	H:\MATLAB\bin\win64\boost_system-vc100-mt-1_49.dll
0x000007feff5f0000 - 0x000007feff6cb000 	C:\Windows\system32\ADVAPI32.dll
0x000007feff890000 - 0x000007feff92f000 	C:\Windows\system32\msvcrt.dll
0x000007feffbe0000 - 0x000007feffbff000 	C:\Windows\SYSTEM32\sechost.dll
0x000007fefecb0000 - 0x000007fefeddd000 	C:\Windows\system32\RPCRT4.dll
0x000000006a280000 - 0x000000006a2a5000 	H:\MATLAB\bin\win64\LIBEXPAT.dll
0x0000000061f50000 - 0x00000000620da000 	H:\MATLAB\bin\win64\icuin49.dll
0x0000000060e30000 - 0x0000000060f6e000 	H:\MATLAB\bin\win64\icuuc49.dll
0x000000000f260000 - 0x0000000010382000 	H:\MATLAB\bin\win64\icudt49.dll
0x0000000063600000 - 0x0000000063610000 	H:\MATLAB\bin\win64\icuio49.dll
0x0000000073f70000 - 0x0000000074112000 	H:\MATLAB\bin\win64\libmwfl.dll
0x000000007a350000 - 0x000000007a737000 	H:\MATLAB\bin\win64\libmwMATLAB_res.dll
0x0000000060d50000 - 0x0000000060e2f000 	H:\MATLAB\bin\win64\boost_regex-vc100-mt-1_49.dll
0x0000000077a00000 - 0x0000000077afa000 	C:\Windows\system32\USER32.dll
0x000007feff0b0000 - 0x000007feff117000 	C:\Windows\system32\GDI32.dll
0x000007fefe940000 - 0x000007fefe94e000 	C:\Windows\system32\LPK.dll
0x000007feff7b0000 - 0x000007feff87b000 	C:\Windows\system32\USP10.dll
0x0000000061f30000 - 0x0000000061f41000 	H:\MATLAB\bin\win64\boost_signals-vc100-mt-1_49.dll
0x0000000061f10000 - 0x0000000061f21000 	H:\MATLAB\bin\win64\boost_thread-vc100-mt-1_49.dll
0x000007fee4450000 - 0x000007fee44dc000 	H:\MATLAB\bin\win64\boost_log-vc100-mt-1_49.dll
0x0000000077dd0000 - 0x0000000077dd7000 	C:\Windows\system32\PSAPI.DLL
0x000007fefec60000 - 0x000007fefecad000 	C:\Windows\system32\WS2_32.dll
0x000007feff880000 - 0x000007feff888000 	C:\Windows\system32\NSI.dll
0x000007feeaff0000 - 0x000007feeb023000 	H:\MATLAB\bin\win64\tbb.dll
0x000007feff5d0000 - 0x000007feff5e9000 	C:\Windows\system32\imagehlp.dll
0x000007fefc460000 - 0x000007fefc48c000 	C:\Windows\system32\POWRPROF.dll
0x000007feff960000 - 0x000007feffb37000 	C:\Windows\system32\SETUPAPI.dll
0x000007fefd7f0000 - 0x000007fefd826000 	C:\Windows\system32\CFGMGR32.dll
0x000007feff6d0000 - 0x000007feff7aa000 	C:\Windows\system32\OLEAUT32.dll
0x000007feffc00000 - 0x000007feffdff000 	C:\Windows\system32\ole32.dll
0x000007fefdb00000 - 0x000007fefdb1a000 	C:\Windows\system32\DEVOBJ.dll
0x0000000004110000 - 0x0000000004131000 	H:\MATLAB\bin\win64\libmwmfl_scalar.dll
0x000007feeeab0000 - 0x000007feeebd5000 	C:\Windows\system32\dbghelp.dll
0x0000000004240000 - 0x000000000456f000 	H:\MATLAB\bin\win64\libmwservices.dll
0x0000000075a20000 - 0x0000000075b0b000 	H:\MATLAB\bin\win64\libmx.dll
0x000007fee6fd0000 - 0x000007fee6ff8000 	H:\MATLAB\bin\win64\tbbmalloc.dll
0x0000000061ef0000 - 0x0000000061f07000 	H:\MATLAB\bin\win64\zlib1.dll
0x0000000004570000 - 0x00000000045be000 	H:\MATLAB\bin\win64\libmwregexp.dll
0x0000000075f10000 - 0x0000000075f57000 	H:\MATLAB\bin\win64\mpath.dll
0x000000007b680000 - 0x000000007bc66000 	H:\MATLAB\bin\win64\mlutil.dll
0x00000000754d0000 - 0x0000000075547000 	H:\MATLAB\bin\win64\xmlcore.dll
0x0000000055f20000 - 0x0000000056161000 	H:\MATLAB\bin\win64\xerces-c_2_7.dll
0x00000000045d0000 - 0x00000000045f2000 	H:\MATLAB\bin\win64\libmwMATLAB_settings_res.dll
0x000007fef7870000 - 0x000007fef7880000 	H:\MATLAB\bin\win64\boost_iostreams-vc100-mt-1_49.dll
0x000007fee6cb0000 - 0x000007fee6cf6000 	H:\MATLAB\bin\win64\boost_serialization-vc100-mt-1_49.dll
0x000007fefdbb0000 - 0x000007fefe93a000 	C:\Windows\system32\SHELL32.dll
0x000007fefe950000 - 0x000007fefe9c1000 	C:\Windows\system32\SHLWAPI.dll
0x0000000004600000 - 0x0000000004606000 	H:\MATLAB\bin\win64\libmwnativedisplay.dll
0x000007feeef50000 - 0x000007feeeff0000 	C:\Windows\WinSxS\amd64_microsoft.windows.common-controls_6595b64144ccf1df_5.82.7601.18837_none_a4d981ff711297b6\COMCTL32.dll
0x000007feffb40000 - 0x000007feffbd7000 	C:\Windows\system32\COMDLG32.dll
0x000007fefbf40000 - 0x000007fefbf56000 	C:\Windows\system32\NETAPI32.dll
0x000007fefcb80000 - 0x000007fefcb8c000 	C:\Windows\system32\netutils.dll
0x000007fefd1d0000 - 0x000007fefd1f3000 	C:\Windows\system32\srvcli.dll
0x000007fefbf20000 - 0x000007fefbf35000 	C:\Windows\system32\wkscli.dll
0x0000000074970000 - 0x0000000074a18000 	H:\MATLAB\bin\win64\mcr.dll
0x0000000075000000 - 0x00000000753b1000 	H:\MATLAB\bin\win64\iqm.dll
0x0000000074e80000 - 0x0000000074f30000 	H:\MATLAB\bin\win64\m_dispatcher.dll
0x0000000004610000 - 0x0000000004e18000 	H:\MATLAB\bin\win64\m_interpreter.dll
0x0000000004e20000 - 0x0000000004e44000 	H:\MATLAB\bin\win64\libmex.dll
0x0000000075430000 - 0x00000000754ab000 	H:\MATLAB\bin\win64\profiler.dll
0x0000000004e50000 - 0x00000000050d3000 	H:\MATLAB\bin\win64\libmwmathutil.dll
0x0000000079f40000 - 0x0000000079f66000 	H:\MATLAB\bin\win64\libmwmathrng.dll
0x00000000050e0000 - 0x00000000050f0000 	H:\MATLAB\bin\win64\libmwmfl_rng.dll
0x0000000074c10000 - 0x0000000074cf8000 	H:\MATLAB\bin\win64\libmwmathcore.dll
0x0000000076160000 - 0x00000000761c3000 	H:\MATLAB\bin\win64\libmwspmatrix.dll
0x000000007b0a0000 - 0x000000007b2f6000 	H:\MATLAB\bin\win64\mcos.dll
0x0000000075ea0000 - 0x0000000075f02000 	H:\MATLAB\bin\win64\libmwcholmod.dll
0x0000000005100000 - 0x000000000510d000 	H:\MATLAB\bin\win64\libmwamd.dll
0x0000000073510000 - 0x00000000735b3000 	C:\Windows\WinSxS\amd64_microsoft.vc90.crt_1fc8b3b9a1e18e3b_9.0.30729.6161_none_08e61857a83bc251\MSVCR90.dll
0x0000000005120000 - 0x000000000512c000 	H:\MATLAB\bin\win64\libmwcolamd.dll
0x000000007a290000 - 0x000000007a2a3000 	H:\MATLAB\bin\win64\libmwblas.dll
0x000000007a310000 - 0x000000007a325000 	H:\MATLAB\bin\win64\libmwbinder.dll
0x0000000005140000 - 0x000000000514b000 	H:\MATLAB\bin\win64\libmwompwrapper.dll
0x0000000075820000 - 0x000000007589e000 	H:\MATLAB\bin\win64\libmwlapack.dll
0x000000007a1b0000 - 0x000000007a1d0000 	H:\MATLAB\bin\win64\m_pcodeio.dll
0x0000000079b10000 - 0x0000000079b6c000 	H:\MATLAB\bin\win64\m_ir.dll
0x0000000078ed0000 - 0x0000000079579000 	H:\MATLAB\bin\win64\m_parser.dll
0x000000007a2f0000 - 0x000000007a307000 	H:\MATLAB\bin\win64\ir_xfmr.dll
0x0000000005150000 - 0x0000000005160000 	H:\MATLAB\bin\win64\mtok.dll
0x000000007a130000 - 0x000000007a158000 	H:\MATLAB\bin\win64\m_pcodegen.dll
0x0000000079fb0000 - 0x0000000079fdf000 	H:\MATLAB\bin\win64\libmwbridge.dll
0x0000000074f40000 - 0x0000000074ff6000 	H:\MATLAB\bin\win64\udd.dll
0x0000000073cc0000 - 0x0000000073e0e000 	H:\MATLAB\bin\win64\libmwgui.dll
0x000000007a1d0000 - 0x000000007a1f4000 	H:\MATLAB\bin\win64\graphics_util.dll
0x000007fee93b0000 - 0x000007fee9468000 	H:\MATLAB\bin\win64\libtex_base.dll
0x0000000005160000 - 0x0000000005aa3000 	H:\MATLAB\bin\win64\hg.dll
0x0000000076100000 - 0x000000007615a000 	H:\MATLAB\bin\win64\libmat.dll
0x0000000072d30000 - 0x0000000072f38000 	H:\MATLAB\bin\win64\hdf5dll.dll
0x0000000075710000 - 0x00000000757d8000 	H:\MATLAB\bin\win64\jmi.dll
0x0000000005ac0000 - 0x0000000005ace000 	H:\MATLAB\bin\win64\nativejava_services.dll
0x0000000005ad0000 - 0x0000000005b10000 	H:\MATLAB\bin\win64\libmwhardcopy.dll
0x0000000075c70000 - 0x0000000075cce000 	H:\MATLAB\bin\win64\libuij.dll
0x0000000072f50000 - 0x000000007318f000 	H:\MATLAB\bin\win64\hgdatatypes.dll
0x0000000005b10000 - 0x0000000005bfb000 	H:\MATLAB\bin\win64\hgutils.dll
0x0000000005c00000 - 0x0000000005cae000 	H:\MATLAB\bin\win64\udd_mi.dll
0x0000000005cb0000 - 0x0000000005ce6000 	H:\MATLAB\bin\win64\libmwgbtutils.dll
0x0000000005cf0000 - 0x0000000005d04000 	H:\MATLAB\bin\win64\libmwgbt.dll
0x0000000005d10000 - 0x0000000005fde000 	H:\MATLAB\bin\win64\uiw.dll
0x0000000005fe0000 - 0x0000000005fe9000 	H:\MATLAB\bin\win64\uinone.dll
0x0000000005ff0000 - 0x0000000006016000 	H:\MATLAB\bin\win64\libmwnativefiledialogs.dll
0x0000000006020000 - 0x000000000602c000 	H:\MATLAB\bin\win64\libmwplatform_res.dll
0x000007fef5300000 - 0x000007fef5318000 	C:\Windows\system32\MPR.dll
0x0000000052e90000 - 0x00000000533ed000 	H:\MATLAB\bin\win64\mfc100.dll
0x000007fef8a60000 - 0x000007fef8a67000 	C:\Windows\system32\MSIMG32.dll
0x000007fef8a70000 - 0x000007fef8ae1000 	C:\Windows\system32\WINSPOOL.DRV
0x0000000006030000 - 0x000000000604d000 	H:\MATLAB\bin\win64\mwoles05.DLL
0x0000000006050000 - 0x00000000060bc000 	H:\MATLAB\bin\win64\comcli.dll
0x000000006a6a0000 - 0x000000006a6cb000 	H:\MATLAB\bin\win64\ATL100.DLL
0x00000000060c0000 - 0x00000000060cc000 	H:\MATLAB\bin\win64\mlautoregister.dll
0x00000000060d0000 - 0x0000000006226000 	H:\MATLAB\bin\win64\mvm.dll
0x000007fefd570000 - 0x000007fefd5c7000 	C:\Windows\system32\apphelp.dll
0x000007feed150000 - 0x000007feed1a3000 	C:\Windows\AppPatch\AppPatch64\AcGenral.DLL
0x000007fefd530000 - 0x000007fefd555000 	C:\Windows\system32\SspiCli.dll
0x0000000070920000 - 0x0000000070923000 	C:\Windows\system32\sfc.dll
0x000007feee6a0000 - 0x000007feee6b0000 	C:\Windows\system32\sfc_os.DLL
0x000007fefd840000 - 0x000007fefd85e000 	C:\Windows\system32\USERENV.dll
0x000007fefd780000 - 0x000007fefd78f000 	C:\Windows\system32\profapi.dll

VM Arguments:
jvm_args: -XX:PermSize=32m -Xms64m -XX:NewRatio=3 -XX:MaxPermSize=128m -Xmx196m -XX:MaxDirectMemorySize=2147400000 -Dsun.java2d.noddraw=true -Dsun.awt.nopixfmt=true -Xshare:off -Xrs -Dsun.awt.disableMixing=true -Djava.library.path=H:\MATLAB\bin\win64;H:\MATLAB\sys\jxbrowser\win64\lib vfprintf abort 
java_command: <unknown>
Launcher Type: generic

Environment Variables:
PATH=C:\PROGRA~1\Basler\pylon 5\Runtime\Win32\;C:\PROGRA~1\Basler\pylon 5\Runtime\x64\;C:\Program Files (x86)\Intel\iCLS Client\;C:\Program Files\Intel\iCLS Client\;C:\Windows\system32;C:\Windows;C:\Windows\System32\Wbem;C:\Windows\System32\WindowsPowerShell\v1.0\;C:\Program Files (x86)\Intel\Intel(R) Management Engine Components\DAL;C:\Program Files\Intel\Intel(R) Management Engine Components\DAL;C:\Program Files (x86)\Intel\Intel(R) Management Engine Components\IPT;C:\Program Files\Intel\Intel(R) Management Engine Components\IPT;C:\Program Files\Intel\WiFi\bin\;C:\Program Files\Common Files\Intel\WirelessCommon\;C:\Program Files\MATLAB\R2015b\bin;C:\Program Files (x86)\IVI Foundation\VISA\WinNT\Bin\;C:\Program Files\IVI Foundation\VISA\Win64\Bin\;C:\Program Files (x86)\IVI Foundation\VISA\WinNT\Bin;C:\Program Files\Thorlabs\Thorlabs OSA;C:\Program Files\Thorlabs\Thorlabs OSA\bin;C:\Program Files (x86)\Skype\Phone\;H:\MATLAB\bin
USERNAME=james
OS=Windows_NT
PROCESSOR_IDENTIFIER=Intel64 Family 6 Model 94 Stepping 3, GenuineIntel



---------------  S Y S T E M  ---------------

OS: Windows 7 Build 7601 Service Pack 1

CPU:total 4 (8 cores per cpu, 2 threads per core) family 6 model 94 stepping 3, cmov, cx8, fxsr, mmx, sse, sse2, sse3, ssse3, sse4.1, sse4.2, ht

Memory: 4k page, physical 8031996k(2371808k free), swap 16062088k(10019520k free)

vm_info: Java HotSpot(TM) 64-Bit Server VM (14.3-b01) for windows-amd64 JRE (1.6.0_17-b04), built on Oct 11 2009 00:46:08 by "java_re" with MS VC++ 8.0

time: Mon Feb 18 11:25:29 2019
elapsed time: 770 seconds

