#
# A fatal error has been detected by the Java Runtime Environment:
#
#  EXCEPTION_ACCESS_VIOLATION (0xc0000005) at pc=0x0000000078aae9f9, pid=8128, tid=11524
#
# JRE version: 6.0_17-b04
# Java VM: Java HotSpot(TM) 64-Bit Server VM (14.3-b01 mixed mode windows-amd64 )
# Problematic frame:
# C  0x0000000078aae9f9
#
# If you would like to submit a bug report, please visit:
#   http://java.sun.com/webapps/bugreport/crash.jsp
#

---------------  T H R E A D  ---------------

Current thread (0x000000000a2d7000):  JavaThread "AWT-EventQueue-0" [_thread_in_vm, id=11524, stack(0x00000000a8000000,0x00000000ac000000)]

siginfo: ExceptionCode=0xc0000005, reading address 0x0000000000000001

Registers:
EAX=0x0000000000000001, EBX=0x000000000694e250, ECX=0x0000000006801da0, EDX=0x0000000039e8bfb0
ESP=0x00000000abffed70, EBP=0x0000000039e8bfb0, ESI=0x0000000039e8bfb0, EDI=0x0000000006801da0
EIP=0x0000000078aae9f9, EFLAGS=0x0000000000010202

Top of Stack: (sp=0x00000000abffed70)
0x00000000abffed70:   000000002c82bd08 000000002a0f4950
0x00000000abffed80:   0000000000000000 0000000028010df0
0x00000000abffed90:   00000000abffe100 0000000078aaeb14
0x00000000abffeda0:   000000000694e250 00000000abffeed0
0x00000000abffedb0:   0000000039e8bfb0 000000005467b208
0x00000000abffedc0:   000000000a2d71b8 0000000078a6f749
0x00000000abffedd0:   00000000abffee88 00000000abffee80
0x00000000abffede0:   000000005467b208 000000000a2d7000
0x00000000abffedf0:   000000000a2d7000 0000000000000000
0x00000000abffee00:   0000000000000001 fffffffffffffffe
0x00000000abffee10:   000000002a0f1720 00000000095aba81
0x00000000abffee20:   000000000a2d71b8 00000000abffeed0
0x00000000abffee30:   00000000abffee88 0000000028010df0
0x00000000abffee40:   0000000000000000 0000000000000000
0x00000000abffee50:   00000000000003ed 000000002578ac29
0x00000000abffee60:   000000002839bfd0 00000000285c9d48 

Instructions: (pc=0x0000000078aae9f9)
0x0000000078aae9e9:   c1 89 8a 00 01 00 00 eb 11 48 8b 87 20 01 00 00
0x0000000078aae9f9:   48 8b 08 48 89 8f 20 01 00 00 4c 8b 64 24 20 48 


Stack: [0x00000000a8000000,0x00000000ac000000],  sp=0x00000000abffed70,  free space=65531k
Native frames: (J=compiled Java code, j=interpreted, Vv=VM code, C=native code)
C  0x0000000078aae9f9

Java frames: (J=compiled Java code, j=interpreted, Vv=VM code)
J  sun.awt.windows.WComponentPeer.nativeHandleEvent(Ljava/awt/AWTEvent;)V
J  sun.awt.windows.WComponentPeer.handleEvent(Ljava/awt/AWTEvent;)V
J  java.awt.Component.dispatchEventImpl(Ljava/awt/AWTEvent;)V
J  java.awt.DefaultKeyboardFocusManager.typeAheadAssertions(Ljava/awt/Component;Ljava/awt/AWTEvent;)Z
J  java.awt.DefaultKeyboardFocusManager.dispatchEvent(Ljava/awt/AWTEvent;)Z
J  java.awt.Component.dispatchEventImpl(Ljava/awt/AWTEvent;)V
J  java.awt.SentEvent.dispatch()V
J  java.awt.DefaultKeyboardFocusManager.sendMessage(Ljava/awt/Component;Ljava/awt/AWTEvent;)Z
J  java.awt.DefaultKeyboardFocusManager.dispatchEvent(Ljava/awt/AWTEvent;)Z
J  java.awt.Component.dispatchEventImpl(Ljava/awt/AWTEvent;)V
J  java.awt.Container.dispatchEventImpl(Ljava/awt/AWTEvent;)V
J  java.awt.Window.dispatchEventImpl(Ljava/awt/AWTEvent;)V
J  java.awt.EventQueue.dispatchEvent(Ljava/awt/AWTEvent;)V
J  java.awt.SequencedEvent.dispatch()V
J  java.awt.EventDispatchThread.pumpOneEventForFilters(I)Z
J  java.awt.EventDispatchThread.pumpEventsForFilter(ILjava/awt/Conditional;Ljava/awt/EventFilter;)V
j  java.awt.EventDispatchThread.pumpEventsForHierarchy(ILjava/awt/Conditional;Ljava/awt/Component;)V+11
j  java.awt.EventDispatchThread.pumpEvents(ILjava/awt/Conditional;)V+4
j  java.awt.EventDispatchThread.pumpEvents(Ljava/awt/Conditional;)V+3
j  java.awt.EventDispatchThread.run()V+9
v  ~StubRoutines::call_stub

---------------  P R O C E S S  ---------------

Java Threads: ( => current thread )
  0x0000000054c42000 JavaThread "Unnamed RequestAggregator Timer" daemon [_thread_blocked, id=8516, stack(0x00000000c4000000,0x00000000c8000000)]
  0x0000000054c41000 JavaThread "Foxtrot Single Worker Thread #1" daemon [_thread_blocked, id=10384, stack(0x000000011c000000,0x0000000120000000)]
  0x0000000054c3d800 JavaThread "Code Analyzer updating thread" [_thread_blocked, id=11712, stack(0x000000010c000000,0x0000000110000000)]
  0x0000000054c40800 JavaThread "Prefs Updater" daemon [_thread_blocked, id=11500, stack(0x0000000108000000,0x000000010c000000)]
  0x000000005470c000 JavaThread "Timer-2" daemon [_thread_blocked, id=9276, stack(0x0000000110000000,0x0000000114000000)]
  0x0000000054709000 JavaThread "com.jniwrapper.NativeResourceCollector" daemon [_thread_blocked, id=12116, stack(0x0000000104000000,0x0000000108000000)]
  0x0000000054c3f000 JavaThread "Swing-Shell" daemon [_thread_blocked, id=9716, stack(0x0000000114000000,0x0000000118000000)]
  0x0000000054708000 JavaThread "Code Analyzer updating thread" [_thread_blocked, id=7692, stack(0x00000000f4000000,0x00000000f8000000)]
  0x0000000054707800 JavaThread "Code Analyzer updating thread" [_thread_blocked, id=2776, stack(0x00000000f0000000,0x00000000f4000000)]
  0x0000000054706800 JavaThread "Code Analyzer updating thread" [_thread_blocked, id=5340, stack(0x00000000ec000000,0x00000000f0000000)]
  0x0000000054706000 JavaThread "Code Analyzer updating thread" [_thread_blocked, id=9736, stack(0x00000000e8000000,0x00000000ec000000)]
  0x0000000054705800 JavaThread "Code Analyzer updating thread" [_thread_blocked, id=3396, stack(0x00000000e4000000,0x00000000e8000000)]
  0x0000000054704800 JavaThread "Code Analyzer updating thread" [_thread_blocked, id=9044, stack(0x00000000e0000000,0x00000000e4000000)]
  0x0000000054704000 JavaThread "Active Reference Queue Daemon" daemon [_thread_blocked, id=4804, stack(0x00000000dc000000,0x00000000e0000000)]
  0x0000000054702800 JavaThread "Timer-1" daemon [_thread_blocked, id=12176, stack(0x00000000d8000000,0x00000000dc000000)]
  0x0000000054703000 JavaThread "ClipboardMonitor Timer" daemon [_thread_blocked, id=5772, stack(0x00000000d4000000,0x00000000d8000000)]
  0x0000000054701800 JavaThread "Explorer NavigationContext request queue" daemon [_thread_blocked, id=1140, stack(0x00000000d0000000,0x00000000d4000000)]
  0x0000000054700000 JavaThread "AddressBar directory emptiness poller" daemon [_thread_blocked, id=5144, stack(0x00000000c8000000,0x00000000cc000000)]
  0x00000000546ff800 JavaThread "Explorer Refresh Service 1294253459" daemon [_thread_blocked, id=10880, stack(0x00000000bc000000,0x00000000c0000000)]
  0x00000000546ff000 JavaThread "TimerQueue" daemon [_thread_blocked, id=9708, stack(0x00000000c0000000,0x00000000c4000000)]
  0x00000000546fe000 JavaThread "Thread-3" daemon [_thread_blocked, id=10164, stack(0x00000000ac000000,0x00000000b0000000)]
  0x00000000546fd800 JavaThread "FelixPackageAdmin" daemon [_thread_blocked, id=6336, stack(0x00000000b8000000,0x00000000bc000000)]
  0x00000000546fc800 JavaThread "FelixStartLevel" daemon [_thread_blocked, id=1188, stack(0x00000000b4000000,0x00000000b8000000)]
  0x0000000054898000 JavaThread "FelixDispatchQueue" daemon [_thread_blocked, id=11696, stack(0x00000000b0000000,0x00000000b4000000)]
=>0x000000000a2d7000 JavaThread "AWT-EventQueue-0" [_thread_in_vm, id=11524, stack(0x00000000a8000000,0x00000000ac000000)]
  0x000000000a2d5800 JavaThread "com.google.common.base.internal.Finalizer" daemon [_thread_blocked, id=11872, stack(0x00000000a0000000,0x00000000a4000000)]
  0x000000000a2d4800 JavaThread "AWT-Windows" daemon [_thread_in_native, id=9900, stack(0x0000000098000000,0x000000009c000000)]
  0x000000000a2d3800 JavaThread "AWT-Shutdown" [_thread_blocked, id=12128, stack(0x0000000094000000,0x0000000098000000)]
  0x000000000a2d3000 JavaThread "Java2D Disposer" daemon [_thread_blocked, id=9056, stack(0x0000000090000000,0x0000000094000000)]
  0x000000000a016800 JavaThread "Timer-0" [_thread_blocked, id=11340, stack(0x000000008c000000,0x0000000090000000)]
  0x000000004c4f2800 JavaThread "EventMgr Dispatcher" daemon [_thread_in_native, id=8944, stack(0x0000000088000000,0x000000008c000000)]
  0x000000004c47a800 JavaThread "Low Memory Detector" daemon [_thread_blocked, id=11232, stack(0x0000000080000000,0x0000000084000000)]
  0x000000004c473000 JavaThread "CompilerThread1" daemon [_thread_blocked, id=9420, stack(0x0000000066940000,0x000000006a940000)]
  0x000000004c46b800 JavaThread "CompilerThread0" daemon [_thread_blocked, id=7588, stack(0x0000000062940000,0x0000000066940000)]
  0x000000004c46a800 JavaThread "Attach Listener" daemon [_thread_blocked, id=8752, stack(0x000000005a500000,0x000000005e500000)]
  0x00000000068a8800 JavaThread "Finalizer" daemon [_thread_blocked, id=11808, stack(0x0000000056500000,0x000000005a500000)]
  0x00000000068a7000 JavaThread "Reference Handler" daemon [_thread_blocked, id=9076, stack(0x0000000050570000,0x0000000054570000)]
  0x00000000067ee000 JavaThread "main" [_thread_blocked, id=10676, stack(0x0000000000030000,0x0000000004030000)]

Other Threads:
  0x000000004c413000 VMThread [stack: 0x000000004c570000,0x0000000050570000] [id=9364]
  0x000000004c491800 WatcherThread [stack: 0x0000000084000000,0x0000000088000000] [id=10120]

VM state:not at safepoint (normal execution)

VM Mutex/Monitor currently owned by a thread:  ([mutex/lock_event])
[0x000000000694e250] JNIGlobalHandle_lock - owner thread: 0x000000000a2d7000

Heap
 PSYoungGen      total 19648K, used 12691K [0x0000000039270000, 0x000000003a610000, 0x000000003c370000)
  eden space 19456K, 64% used [0x0000000039270000,0x0000000039ea4d78,0x000000003a570000)
  from space 192K, 100% used [0x000000003a590000,0x000000003a5c0000,0x000000003a5c0000)
  to   space 320K, 0% used [0x000000003a5c0000,0x000000003a5c0000,0x000000003a610000)
 PSOldGen        total 150528K, used 116155K [0x000000002ff70000, 0x0000000039270000, 0x0000000039270000)
  object space 150528K, 77% used [0x000000002ff70000,0x00000000370decf8,0x0000000039270000)
 PSPermGen       total 74816K, used 74706K [0x0000000027f70000, 0x000000002c880000, 0x000000002ff70000)
  object space 74816K, 99% used [0x0000000027f70000,0x000000002c864a58,0x000000002c880000)

Dynamic libraries:
0x0000000140000000 - 0x0000000140028000 	H:\MATLAB\bin\win64\MATLAB.exe
0x00000000774e0000 - 0x000000007767f000 	C:\Windows\SYSTEM32\ntdll.dll
0x00000000772c0000 - 0x00000000773df000 	C:\Windows\system32\kernel32.dll
0x000007fefd360000 - 0x000007fefd3ca000 	C:\Windows\system32\KERNELBASE.dll
0x0000000074460000 - 0x0000000074515000 	H:\MATLAB\bin\win64\libut.dll
0x00000000758a0000 - 0x000000007595f000 	H:\MATLAB\bin\win64\libmwi18n.dll
0x0000000180000000 - 0x000000018000d000 	H:\MATLAB\bin\win64\libmwresource_core.dll
0x00000000628a0000 - 0x0000000062938000 	H:\MATLAB\bin\win64\MSVCP100.dll
0x00000000627c0000 - 0x0000000062892000 	H:\MATLAB\bin\win64\MSVCR100.dll
0x000000006cd70000 - 0x000000006cd7e000 	H:\MATLAB\bin\win64\boost_date_time-vc100-mt-1_49.dll
0x0000000062790000 - 0x00000000627bc000 	H:\MATLAB\bin\win64\boost_filesystem-vc100-mt-1_49.dll
0x0000000062780000 - 0x0000000062789000 	H:\MATLAB\bin\win64\boost_system-vc100-mt-1_49.dll
0x000007fefe8e0000 - 0x000007fefe9bb000 	C:\Windows\system32\ADVAPI32.dll
0x000007fefd5d0000 - 0x000007fefd66f000 	C:\Windows\system32\msvcrt.dll
0x000007fefd3f0000 - 0x000007fefd40f000 	C:\Windows\SYSTEM32\sechost.dll
0x000007feff4a0000 - 0x000007feff5cd000 	C:\Windows\system32\RPCRT4.dll
0x0000000062750000 - 0x0000000062775000 	H:\MATLAB\bin\win64\LIBEXPAT.dll
0x0000000061ee0000 - 0x000000006206a000 	H:\MATLAB\bin\win64\icuin49.dll
0x00000000601f0000 - 0x000000006032e000 	H:\MATLAB\bin\win64\icuuc49.dll
0x000000000fe40000 - 0x0000000010f62000 	H:\MATLAB\bin\win64\icudt49.dll
0x0000000062740000 - 0x0000000062750000 	H:\MATLAB\bin\win64\icuio49.dll
0x0000000073f70000 - 0x0000000074112000 	H:\MATLAB\bin\win64\libmwfl.dll
0x000000007a350000 - 0x000000007a737000 	H:\MATLAB\bin\win64\libmwMATLAB_res.dll
0x0000000060110000 - 0x00000000601ef000 	H:\MATLAB\bin\win64\boost_regex-vc100-mt-1_49.dll
0x00000000773e0000 - 0x00000000774da000 	C:\Windows\system32\USER32.dll
0x000007fefd4e0000 - 0x000007fefd547000 	C:\Windows\system32\GDI32.dll
0x000007fefe7d0000 - 0x000007fefe7de000 	C:\Windows\system32\LPK.dll
0x000007fefd410000 - 0x000007fefd4db000 	C:\Windows\system32\USP10.dll
0x0000000062720000 - 0x0000000062731000 	H:\MATLAB\bin\win64\boost_signals-vc100-mt-1_49.dll
0x0000000062700000 - 0x0000000062711000 	H:\MATLAB\bin\win64\boost_thread-vc100-mt-1_49.dll
0x000007fee6ff0000 - 0x000007fee707c000 	H:\MATLAB\bin\win64\boost_log-vc100-mt-1_49.dll
0x0000000077690000 - 0x0000000077697000 	C:\Windows\system32\PSAPI.DLL
0x000007fefd580000 - 0x000007fefd5cd000 	C:\Windows\system32\WS2_32.dll
0x000007feff380000 - 0x000007feff388000 	C:\Windows\system32\NSI.dll
0x000007fee6fb0000 - 0x000007fee6fe3000 	H:\MATLAB\bin\win64\tbb.dll
0x000007fefe7e0000 - 0x000007fefe7f9000 	C:\Windows\system32\imagehlp.dll
0x000007fefbda0000 - 0x000007fefbdcc000 	C:\Windows\system32\POWRPROF.dll
0x000007feff140000 - 0x000007feff317000 	C:\Windows\system32\SETUPAPI.dll
0x000007fefd060000 - 0x000007fefd096000 	C:\Windows\system32\CFGMGR32.dll
0x000007fefe800000 - 0x000007fefe8da000 	C:\Windows\system32\OLEAUT32.dll
0x000007feff5d0000 - 0x000007feff7cf000 	C:\Windows\system32\ole32.dll
0x000007fefd240000 - 0x000007fefd25a000 	C:\Windows\system32\DEVOBJ.dll
0x0000000004210000 - 0x0000000004231000 	H:\MATLAB\bin\win64\libmwmfl_scalar.dll
0x000007feee750000 - 0x000007feee875000 	C:\Windows\system32\dbghelp.dll
0x0000000004240000 - 0x000000000456f000 	H:\MATLAB\bin\win64\libmwservices.dll
0x0000000075a20000 - 0x0000000075b0b000 	H:\MATLAB\bin\win64\libmx.dll
0x000007fee6f80000 - 0x000007fee6fa8000 	H:\MATLAB\bin\win64\tbbmalloc.dll
0x00000000626e0000 - 0x00000000626f7000 	H:\MATLAB\bin\win64\zlib1.dll
0x0000000004570000 - 0x00000000045be000 	H:\MATLAB\bin\win64\libmwregexp.dll
0x0000000075f10000 - 0x0000000075f57000 	H:\MATLAB\bin\win64\mpath.dll
0x000000007b680000 - 0x000000007bc66000 	H:\MATLAB\bin\win64\mlutil.dll
0x00000000754d0000 - 0x0000000075547000 	H:\MATLAB\bin\win64\xmlcore.dll
0x000000005fec0000 - 0x0000000060101000 	H:\MATLAB\bin\win64\xerces-c_2_7.dll
0x00000000045d0000 - 0x00000000045f2000 	H:\MATLAB\bin\win64\libmwMATLAB_settings_res.dll
0x000007fefa850000 - 0x000007fefa860000 	H:\MATLAB\bin\win64\boost_iostreams-vc100-mt-1_49.dll
0x000007fee6e10000 - 0x000007fee6e56000 	H:\MATLAB\bin\win64\boost_serialization-vc100-mt-1_49.dll
0x000007fefd790000 - 0x000007fefe51a000 	C:\Windows\system32\SHELL32.dll
0x000007fefd670000 - 0x000007fefd6e1000 	C:\Windows\system32\SHLWAPI.dll
0x0000000004600000 - 0x0000000004606000 	H:\MATLAB\bin\win64\libmwnativedisplay.dll
0x000007feee970000 - 0x000007feeea10000 	C:\Windows\WinSxS\amd64_microsoft.windows.common-controls_6595b64144ccf1df_5.82.7601.18837_none_a4d981ff711297b6\COMCTL32.dll
0x000007fefd6f0000 - 0x000007fefd787000 	C:\Windows\system32\COMDLG32.dll
0x000007fefb800000 - 0x000007fefb816000 	C:\Windows\system32\NETAPI32.dll
0x000007fefc440000 - 0x000007fefc44c000 	C:\Windows\system32\netutils.dll
0x000007fefca90000 - 0x000007fefcab3000 	C:\Windows\system32\srvcli.dll
0x000007fefb7e0000 - 0x000007fefb7f5000 	C:\Windows\system32\wkscli.dll
0x0000000074970000 - 0x0000000074a18000 	H:\MATLAB\bin\win64\mcr.dll
0x0000000075000000 - 0x00000000753b1000 	H:\MATLAB\bin\win64\iqm.dll
0x0000000074e80000 - 0x0000000074f30000 	H:\MATLAB\bin\win64\m_dispatcher.dll
0x0000000004610000 - 0x0000000004e18000 	H:\MATLAB\bin\win64\m_interpreter.dll
0x0000000004e20000 - 0x0000000004e44000 	H:\MATLAB\bin\win64\libmex.dll
0x0000000075430000 - 0x00000000754ab000 	H:\MATLAB\bin\win64\profiler.dll
0x0000000004e50000 - 0x00000000050d3000 	H:\MATLAB\bin\win64\libmwmathutil.dll
0x0000000079f40000 - 0x0000000079f66000 	H:\MATLAB\bin\win64\libmwmathrng.dll
0x00000000050e0000 - 0x00000000050f0000 	H:\MATLAB\bin\win64\libmwmfl_rng.dll
0x0000000074c10000 - 0x0000000074cf8000 	H:\MATLAB\bin\win64\libmwmathcore.dll
0x0000000076160000 - 0x00000000761c3000 	H:\MATLAB\bin\win64\libmwspmatrix.dll
0x000000007b0a0000 - 0x000000007b2f6000 	H:\MATLAB\bin\win64\mcos.dll
0x0000000075ea0000 - 0x0000000075f02000 	H:\MATLAB\bin\win64\libmwcholmod.dll
0x0000000005100000 - 0x000000000510d000 	H:\MATLAB\bin\win64\libmwamd.dll
0x0000000072dd0000 - 0x0000000072e73000 	C:\Windows\WinSxS\amd64_microsoft.vc90.crt_1fc8b3b9a1e18e3b_9.0.30729.6161_none_08e61857a83bc251\MSVCR90.dll
0x0000000005120000 - 0x000000000512c000 	H:\MATLAB\bin\win64\libmwcolamd.dll
0x000000007a290000 - 0x000000007a2a3000 	H:\MATLAB\bin\win64\libmwblas.dll
0x000000007a310000 - 0x000000007a325000 	H:\MATLAB\bin\win64\libmwbinder.dll
0x0000000005140000 - 0x000000000514b000 	H:\MATLAB\bin\win64\libmwompwrapper.dll
0x0000000075820000 - 0x000000007589e000 	H:\MATLAB\bin\win64\libmwlapack.dll
0x000000007a1b0000 - 0x000000007a1d0000 	H:\MATLAB\bin\win64\m_pcodeio.dll
0x0000000079b10000 - 0x0000000079b6c000 	H:\MATLAB\bin\win64\m_ir.dll
0x0000000078ed0000 - 0x0000000079579000 	H:\MATLAB\bin\win64\m_parser.dll
0x000000007a2f0000 - 0x000000007a307000 	H:\MATLAB\bin\win64\ir_xfmr.dll
0x0000000005150000 - 0x0000000005160000 	H:\MATLAB\bin\win64\mtok.dll
0x000000007a130000 - 0x000000007a158000 	H:\MATLAB\bin\win64\m_pcodegen.dll
0x0000000079fb0000 - 0x0000000079fdf000 	H:\MATLAB\bin\win64\libmwbridge.dll
0x0000000074f40000 - 0x0000000074ff6000 	H:\MATLAB\bin\win64\udd.dll
0x0000000073cc0000 - 0x0000000073e0e000 	H:\MATLAB\bin\win64\libmwgui.dll
0x000000007a1d0000 - 0x000000007a1f4000 	H:\MATLAB\bin\win64\graphics_util.dll
0x000007fee6d50000 - 0x000007fee6e08000 	H:\MATLAB\bin\win64\libtex_base.dll
0x0000000005160000 - 0x0000000005aa3000 	H:\MATLAB\bin\win64\hg.dll
0x0000000076100000 - 0x000000007615a000 	H:\MATLAB\bin\win64\libmat.dll
0x0000000005ab0000 - 0x0000000005cb8000 	H:\MATLAB\bin\win64\hdf5dll.dll
0x0000000075710000 - 0x00000000757d8000 	H:\MATLAB\bin\win64\jmi.dll
0x0000000005cd0000 - 0x0000000005cde000 	H:\MATLAB\bin\win64\nativejava_services.dll
0x0000000005ce0000 - 0x0000000005d20000 	H:\MATLAB\bin\win64\libmwhardcopy.dll
0x0000000075c70000 - 0x0000000075cce000 	H:\MATLAB\bin\win64\libuij.dll
0x0000000072f50000 - 0x000000007318f000 	H:\MATLAB\bin\win64\hgdatatypes.dll
0x0000000005d20000 - 0x0000000005e0b000 	H:\MATLAB\bin\win64\hgutils.dll
0x0000000005e10000 - 0x0000000005ebe000 	H:\MATLAB\bin\win64\udd_mi.dll
0x0000000005ec0000 - 0x0000000005ef6000 	H:\MATLAB\bin\win64\libmwgbtutils.dll
0x0000000005f00000 - 0x0000000005f14000 	H:\MATLAB\bin\win64\libmwgbt.dll
0x0000000005f20000 - 0x00000000061ee000 	H:\MATLAB\bin\win64\uiw.dll
0x00000000061f0000 - 0x00000000061f9000 	H:\MATLAB\bin\win64\uinone.dll
0x0000000006200000 - 0x0000000006226000 	H:\MATLAB\bin\win64\libmwnativefiledialogs.dll
0x0000000006230000 - 0x000000000623c000 	H:\MATLAB\bin\win64\libmwplatform_res.dll
0x000007fef5de0000 - 0x000007fef5df8000 	C:\Windows\system32\MPR.dll
0x0000000055fa0000 - 0x00000000564fd000 	H:\MATLAB\bin\win64\mfc100.dll
0x000007fef8320000 - 0x000007fef8327000 	C:\Windows\system32\MSIMG32.dll
0x000007fef8330000 - 0x000007fef83a1000 	C:\Windows\system32\WINSPOOL.DRV
0x0000000006240000 - 0x000000000625d000 	H:\MATLAB\bin\win64\mwoles05.DLL
0x0000000006260000 - 0x00000000062cc000 	H:\MATLAB\bin\win64\comcli.dll
0x00000000626b0000 - 0x00000000626db000 	H:\MATLAB\bin\win64\ATL100.DLL
0x00000000062d0000 - 0x00000000062dc000 	H:\MATLAB\bin\win64\mlautoregister.dll
0x00000000062e0000 - 0x0000000006436000 	H:\MATLAB\bin\win64\mvm.dll
0x000007fefce30000 - 0x000007fefce87000 	C:\Windows\system32\apphelp.dll
0x000007fee6cf0000 - 0x000007fee6d43000 	C:\Windows\AppPatch\AppPatch64\AcGenral.DLL
0x000007fefcdf0000 - 0x000007fefce15000 	C:\Windows\system32\SspiCli.dll
0x0000000070230000 - 0x0000000070233000 	C:\Windows\system32\sfc.dll
0x000007feeea30000 - 0x000007feeea40000 	C:\Windows\system32\sfc_os.DLL
0x000007fefd3d0000 - 0x000007fefd3ee000 	C:\Windows\system32\USERENV.dll
0x000007fefd030000 - 0x000007fefd03f000 	C:\Windows\system32\profapi.dll

VM Arguments:
jvm_args: -XX:PermSize=32m -Xms64m -XX:NewRatio=3 -XX:MaxPermSize=128m -Xmx196m -XX:MaxDirectMemorySize=2147400000 -Dsun.java2d.noddraw=true -Dsun.awt.nopixfmt=true -Xshare:off -Xrs -Dsun.awt.disableMixing=true -Djava.library.path=H:\MATLAB\bin\win64;H:\MATLAB\sys\jxbrowser\win64\lib vfprintf abort 
java_command: <unknown>
Launcher Type: generic

Environment Variables:
PATH=C:\PROGRA~1\Basler\pylon 5\Runtime\Win32\;C:\PROGRA~1\Basler\pylon 5\Runtime\x64\;C:\Program Files (x86)\Intel\iCLS Client\;C:\Program Files\Intel\iCLS Client\;C:\Windows\system32;C:\Windows;C:\Windows\System32\Wbem;C:\Windows\System32\WindowsPowerShell\v1.0\;C:\Program Files (x86)\Intel\Intel(R) Management Engine Components\DAL;C:\Program Files\Intel\Intel(R) Management Engine Components\DAL;C:\Program Files (x86)\Intel\Intel(R) Management Engine Components\IPT;C:\Program Files\Intel\Intel(R) Management Engine Components\IPT;C:\Program Files\Intel\WiFi\bin\;C:\Program Files\Common Files\Intel\WirelessCommon\;C:\Program Files\MATLAB\R2015b\bin;C:\Program Files (x86)\IVI Foundation\VISA\WinNT\Bin\;C:\Program Files\IVI Foundation\VISA\Win64\Bin\;C:\Program Files (x86)\IVI Foundation\VISA\WinNT\Bin;C:\Program Files\Thorlabs\Thorlabs OSA;C:\Program Files\Thorlabs\Thorlabs OSA\bin;C:\Program Files (x86)\Skype\Phone\;H:\MATLAB\bin
USERNAME=james
OS=Windows_NT
PROCESSOR_IDENTIFIER=Intel64 Family 6 Model 94 Stepping 3, GenuineIntel



---------------  S Y S T E M  ---------------

OS: Windows 7 Build 7601 Service Pack 1

CPU:total 4 (8 cores per cpu, 2 threads per core) family 6 model 94 stepping 3, cmov, cx8, fxsr, mmx, sse, sse2, sse3, ssse3, sse4.1, sse4.2, ht

Memory: 4k page, physical 8031996k(1777856k free), swap 16062088k(9520768k free)

vm_info: Java HotSpot(TM) 64-Bit Server VM (14.3-b01) for windows-amd64 JRE (1.6.0_17-b04), built on Oct 11 2009 00:46:08 by "java_re" with MS VC++ 8.0

time: Thu Feb 28 16:02:37 2019
elapsed time: 26034 seconds

