#
# A fatal error has been detected by the Java Runtime Environment:
#
#  Internal Error (safepoint.cpp:555), pid=11156, tid=11112
#  Error: Deadlock in safepoint code.  Should have called back to the VM before blocking.
#
# JRE version: 6.0_17-b04
# Java VM: Java HotSpot(TM) 64-Bit Server VM (14.3-b01 mixed mode windows-amd64 )
# If you would like to submit a bug report, please visit:
#   http://java.sun.com/webapps/bugreport/crash.jsp
#

---------------  T H R E A D  ---------------

Current thread (0x000000000786f000):  JavaThread "main" [_thread_in_native_trans, id=11112, stack(0x0000000000030000,0x0000000004030000)]

Stack: [0x0000000000030000,0x0000000004030000]
[error occurred during error reporting (printing stack bounds), id 0xe0000000]


---------------  P R O C E S S  ---------------

Java Threads: ( => current thread )
  0x00000000525f7000 JavaThread "FileDecorationCache request queue" daemon [_thread_blocked, id=5264, stack(0x0000000110000000,0x0000000114000000)]
  0x00000000525f9000 JavaThread "Timer-2" daemon [_thread_blocked, id=11864, stack(0x0000000104000000,0x0000000108000000)]
  0x00000000525f2000 JavaThread "com.jniwrapper.NativeResourceCollector" daemon [_thread_blocked, id=11856, stack(0x00000000dc000000,0x00000000e0000000)]
  0x00000000525f8800 JavaThread "Swing-Shell" daemon [_thread_blocked, id=11736, stack(0x0000000108000000,0x000000010c000000)]
  0x00000000525f5800 JavaThread "Code Analyzer updating thread" [_thread_blocked, id=11684, stack(0x00000000f0000000,0x00000000f4000000)]
  0x00000000525f4800 JavaThread "Code Analyzer updating thread" [_thread_blocked, id=11664, stack(0x00000000ec000000,0x00000000f0000000)]
  0x00000000525f4000 JavaThread "Active Reference Queue Daemon" daemon [_thread_blocked, id=11656, stack(0x00000000e8000000,0x00000000ec000000)]
  0x00000000525f3800 JavaThread "Timer-1" daemon [_thread_blocked, id=11652, stack(0x00000000e4000000,0x00000000e8000000)]
  0x00000000525f2800 JavaThread "ClipboardMonitor Timer" daemon [_thread_blocked, id=11644, stack(0x00000000e0000000,0x00000000e4000000)]
  0x00000000525f1000 JavaThread "Explorer NavigationContext request queue" daemon [_thread_blocked, id=11620, stack(0x00000000d8000000,0x00000000dc000000)]
  0x00000000525ef800 JavaThread "AddressBar directory emptiness poller" daemon [_thread_blocked, id=11608, stack(0x00000000d0000000,0x00000000d4000000)]
  0x00000000525ef000 JavaThread "Explorer Refresh Service 629435653" daemon [_thread_blocked, id=11604, stack(0x00000000cc000000,0x00000000d0000000)]
  0x00000000525ec000 JavaThread "TimerQueue" daemon [_thread_blocked, id=11540, stack(0x00000000b8000000,0x00000000bc000000)]
  0x00000000525eb800 JavaThread "Thread-3" daemon [_thread_blocked, id=11524, stack(0x00000000a8000000,0x00000000ac000000)]
  0x00000000525ea800 JavaThread "FelixPackageAdmin" daemon [_thread_blocked, id=11520, stack(0x00000000b4000000,0x00000000b8000000)]
  0x00000000524be800 JavaThread "FelixStartLevel" daemon [_thread_blocked, id=11516, stack(0x00000000b0000000,0x00000000b4000000)]
  0x00000000528b8000 JavaThread "FelixDispatchQueue" daemon [_thread_blocked, id=11512, stack(0x00000000ac000000,0x00000000b0000000)]
  0x0000000052620000 JavaThread "AWT-EventQueue-0" [_thread_blocked, id=11504, stack(0x00000000a4000000,0x00000000a8000000)]
  0x000000005246f000 JavaThread "com.google.common.base.internal.Finalizer" daemon [_thread_blocked, id=11500, stack(0x00000000a0000000,0x00000000a4000000)]
  0x000000005250f000 JavaThread "AWT-Windows" daemon [_thread_blocked, id=11492, stack(0x0000000098000000,0x000000009c000000)]
  0x000000005250e800 JavaThread "AWT-Shutdown" [_thread_blocked, id=11488, stack(0x0000000094000000,0x0000000098000000)]
  0x0000000052508800 JavaThread "Java2D Disposer" daemon [_thread_blocked, id=11484, stack(0x0000000090000000,0x0000000094000000)]
  0x0000000051dda000 JavaThread "Timer-0" [_thread_blocked, id=11480, stack(0x000000008c000000,0x0000000090000000)]
  0x000000002530a800 JavaThread "EventMgr Dispatcher" daemon [_thread_in_native, id=11476, stack(0x0000000088000000,0x000000008c000000)]
  0x0000000025299000 JavaThread "Low Memory Detector" daemon [_thread_blocked, id=11420, stack(0x0000000080000000,0x0000000084000000)]
  0x0000000025290000 JavaThread "CompilerThread1" daemon [_thread_blocked, id=11416, stack(0x0000000068f30000,0x000000006cf30000)]
  0x0000000025289800 JavaThread "CompilerThread0" daemon [_thread_blocked, id=11412, stack(0x0000000064f30000,0x0000000068f30000)]
  0x0000000025288800 JavaThread "Attach Listener" daemon [_thread_blocked, id=11408, stack(0x0000000060f30000,0x0000000064f30000)]
  0x0000000007928800 JavaThread "Finalizer" daemon [_thread_blocked, id=11396, stack(0x000000005cf30000,0x0000000060f30000)]
  0x0000000007927000 JavaThread "Reference Handler" daemon [_thread_blocked, id=11392, stack(0x0000000055d30000,0x0000000059d30000)]
=>0x000000000786f000 JavaThread "main" [_thread_in_native_trans, id=11112, stack(0x0000000000030000,0x0000000004030000)]

Other Threads:
  0x0000000025233000 VMThread [stack: 0x000000004dcc0000,0x0000000051cc0000] [id=11388]
  0x000000002529f800 WatcherThread [stack: 0x0000000084000000,0x0000000088000000] [id=11424]

VM state:synchronizing (normal execution)

VM Mutex/Monitor currently owned by a thread:  ([mutex/lock_event])
[0x00000000076bded0] Threads_lock - owner thread: 0x0000000025233000
[0x00000000076be250] JNIGlobalHandle_lock - owner thread: 0x000000000786f000

Heap
 PSYoungGen      total 14976K, used 8536K [0x000000003abc0000, 0x000000003bbc0000, 0x000000003dcc0000)
  eden space 13504K, 61% used [0x000000003abc0000,0x000000003b3d7150,0x000000003b8f0000)
  from space 1472K, 17% used [0x000000003ba50000,0x000000003ba8ef70,0x000000003bbc0000)
  to   space 1408K, 0% used [0x000000003b8f0000,0x000000003b8f0000,0x000000003ba50000)
 PSOldGen        total 64448K, used 51109K [0x00000000318c0000, 0x00000000357b0000, 0x000000003abc0000)
  object space 64448K, 79% used [0x00000000318c0000,0x0000000034aa95b8,0x00000000357b0000)
 PSPermGen       total 104640K, used 72313K [0x00000000298c0000, 0x000000002fef0000, 0x00000000318c0000)
  object space 104640K, 69% used [0x00000000298c0000,0x000000002df5e490,0x000000002fef0000)

Dynamic libraries:
0x0000000140000000 - 0x0000000140028000 	H:\MATLAB\bin\win64\MATLAB.exe
0x0000000077aa0000 - 0x0000000077c3f000 	C:\Windows\SYSTEM32\ntdll.dll
0x0000000077980000 - 0x0000000077a9f000 	C:\Windows\system32\kernel32.dll
0x000007fefd610000 - 0x000007fefd67a000 	C:\Windows\system32\KERNELBASE.dll
0x0000000074460000 - 0x0000000074515000 	H:\MATLAB\bin\win64\libut.dll
0x00000000758a0000 - 0x000000007595f000 	H:\MATLAB\bin\win64\libmwi18n.dll
0x0000000180000000 - 0x000000018000d000 	H:\MATLAB\bin\win64\libmwresource_core.dll
0x0000000078820000 - 0x00000000788b8000 	H:\MATLAB\bin\win64\MSVCP100.dll
0x0000000079350000 - 0x0000000079422000 	H:\MATLAB\bin\win64\MSVCR100.dll
0x0000000055d20000 - 0x0000000055d2e000 	H:\MATLAB\bin\win64\boost_date_time-vc100-mt-1_49.dll
0x0000000079b30000 - 0x0000000079b5c000 	H:\MATLAB\bin\win64\boost_filesystem-vc100-mt-1_49.dll
0x0000000055510000 - 0x0000000055519000 	H:\MATLAB\bin\win64\boost_system-vc100-mt-1_49.dll
0x000007fefd9b0000 - 0x000007fefda8b000 	C:\Windows\system32\ADVAPI32.dll
0x000007fefe4a0000 - 0x000007fefe53f000 	C:\Windows\system32\msvcrt.dll
0x000007fefe5c0000 - 0x000007fefe5df000 	C:\Windows\SYSTEM32\sechost.dll
0x000007fefdf40000 - 0x000007fefe06d000 	C:\Windows\system32\RPCRT4.dll
0x0000000079530000 - 0x0000000079555000 	H:\MATLAB\bin\win64\LIBEXPAT.dll
0x0000000072f30000 - 0x00000000730ba000 	H:\MATLAB\bin\win64\icuin49.dll
0x0000000073430000 - 0x000000007356e000 	H:\MATLAB\bin\win64\icuuc49.dll
0x000000000fd10000 - 0x0000000010e32000 	H:\MATLAB\bin\win64\icudt49.dll
0x0000000079440000 - 0x0000000079450000 	H:\MATLAB\bin\win64\icuio49.dll
0x0000000073f70000 - 0x0000000074112000 	H:\MATLAB\bin\win64\libmwfl.dll
0x000000007a350000 - 0x000000007a737000 	H:\MATLAB\bin\win64\libmwMATLAB_res.dll
0x0000000074570000 - 0x000000007464f000 	H:\MATLAB\bin\win64\boost_regex-vc100-mt-1_49.dll
0x0000000077880000 - 0x000000007797a000 	C:\Windows\system32\USER32.dll
0x000007feffd00000 - 0x000007feffd67000 	C:\Windows\system32\GDI32.dll
0x000007feffd80000 - 0x000007feffd8e000 	C:\Windows\system32\LPK.dll
0x000007fefe600000 - 0x000007fefe6cb000 	C:\Windows\system32\USP10.dll
0x0000000079f60000 - 0x0000000079f71000 	H:\MATLAB\bin\win64\boost_signals-vc100-mt-1_49.dll
0x0000000079a10000 - 0x0000000079a21000 	H:\MATLAB\bin\win64\boost_thread-vc100-mt-1_49.dll
0x000007fed1e50000 - 0x000007fed1edc000 	H:\MATLAB\bin\win64\boost_log-vc100-mt-1_49.dll
0x0000000077c40000 - 0x0000000077c47000 	C:\Windows\system32\PSAPI.DLL
0x000007fefe570000 - 0x000007fefe5bd000 	C:\Windows\system32\WS2_32.dll
0x000007feffd70000 - 0x000007feffd78000 	C:\Windows\system32\NSI.dll
0x000007fed1e10000 - 0x000007fed1e43000 	H:\MATLAB\bin\win64\tbb.dll
0x000007fefe5e0000 - 0x000007fefe5f9000 	C:\Windows\system32\imagehlp.dll
0x000007fefc200000 - 0x000007fefc22c000 	C:\Windows\system32\POWRPROF.dll
0x000007feff870000 - 0x000007feffa47000 	C:\Windows\system32\SETUPAPI.dll
0x000007fefd930000 - 0x000007fefd966000 	C:\Windows\system32\CFGMGR32.dll
0x000007fefe070000 - 0x000007fefe14a000 	C:\Windows\system32\OLEAUT32.dll
0x000007feff5f0000 - 0x000007feff7ef000 	C:\Windows\system32\ole32.dll
0x000007fefd990000 - 0x000007fefd9aa000 	C:\Windows\system32\DEVOBJ.dll
0x00000000040a0000 - 0x00000000040c1000 	H:\MATLAB\bin\win64\libmwmfl_scalar.dll
0x000007feeec00000 - 0x000007feeed25000 	C:\Windows\system32\dbghelp.dll
0x0000000004240000 - 0x000000000456f000 	H:\MATLAB\bin\win64\libmwservices.dll
0x0000000075a20000 - 0x0000000075b0b000 	H:\MATLAB\bin\win64\libmx.dll
0x000007fed1de0000 - 0x000007fed1e08000 	H:\MATLAB\bin\win64\tbbmalloc.dll
0x0000000079d90000 - 0x0000000079da7000 	H:\MATLAB\bin\win64\zlib1.dll
0x0000000004570000 - 0x00000000045be000 	H:\MATLAB\bin\win64\libmwregexp.dll
0x0000000075f10000 - 0x0000000075f57000 	H:\MATLAB\bin\win64\mpath.dll
0x000000007b680000 - 0x000000007bc66000 	H:\MATLAB\bin\win64\mlutil.dll
0x00000000754d0000 - 0x0000000075547000 	H:\MATLAB\bin\win64\xmlcore.dll
0x00000000045c0000 - 0x0000000004801000 	H:\MATLAB\bin\win64\xerces-c_2_7.dll
0x0000000004820000 - 0x0000000004842000 	H:\MATLAB\bin\win64\libmwMATLAB_settings_res.dll
0x000007fed1dd0000 - 0x000007fed1de0000 	H:\MATLAB\bin\win64\boost_iostreams-vc100-mt-1_49.dll
0x000007fed1d80000 - 0x000007fed1dc6000 	H:\MATLAB\bin\win64\boost_serialization-vc100-mt-1_49.dll
0x000007fefe860000 - 0x000007feff5ea000 	C:\Windows\system32\SHELL32.dll
0x000007feff7f0000 - 0x000007feff861000 	C:\Windows\system32\SHLWAPI.dll
0x0000000004850000 - 0x0000000004856000 	H:\MATLAB\bin\win64\libmwnativedisplay.dll
0x000007feeef20000 - 0x000007feeefc0000 	C:\Windows\WinSxS\amd64_microsoft.windows.common-controls_6595b64144ccf1df_5.82.7601.18837_none_a4d981ff711297b6\COMCTL32.dll
0x000007feffa50000 - 0x000007feffae7000 	C:\Windows\system32\COMDLG32.dll
0x000007fefbdc0000 - 0x000007fefbdd6000 	C:\Windows\system32\NETAPI32.dll
0x000007fefca00000 - 0x000007fefca0c000 	C:\Windows\system32\netutils.dll
0x000007fefd070000 - 0x000007fefd093000 	C:\Windows\system32\srvcli.dll
0x000007fefbda0000 - 0x000007fefbdb5000 	C:\Windows\system32\wkscli.dll
0x0000000074970000 - 0x0000000074a18000 	H:\MATLAB\bin\win64\mcr.dll
0x0000000075000000 - 0x00000000753b1000 	H:\MATLAB\bin\win64\iqm.dll
0x0000000074e80000 - 0x0000000074f30000 	H:\MATLAB\bin\win64\m_dispatcher.dll
0x0000000004860000 - 0x0000000005068000 	H:\MATLAB\bin\win64\m_interpreter.dll
0x0000000005070000 - 0x0000000005094000 	H:\MATLAB\bin\win64\libmex.dll
0x0000000075430000 - 0x00000000754ab000 	H:\MATLAB\bin\win64\profiler.dll
0x00000000050a0000 - 0x0000000005323000 	H:\MATLAB\bin\win64\libmwmathutil.dll
0x0000000005330000 - 0x0000000005356000 	H:\MATLAB\bin\win64\libmwmathrng.dll
0x0000000005360000 - 0x0000000005370000 	H:\MATLAB\bin\win64\libmwmfl_rng.dll
0x0000000074c10000 - 0x0000000074cf8000 	H:\MATLAB\bin\win64\libmwmathcore.dll
0x0000000076160000 - 0x00000000761c3000 	H:\MATLAB\bin\win64\libmwspmatrix.dll
0x000000007b0a0000 - 0x000000007b2f6000 	H:\MATLAB\bin\win64\mcos.dll
0x0000000075ea0000 - 0x0000000075f02000 	H:\MATLAB\bin\win64\libmwcholmod.dll
0x0000000005380000 - 0x000000000538d000 	H:\MATLAB\bin\win64\libmwamd.dll
0x0000000072030000 - 0x00000000720d3000 	C:\Windows\WinSxS\amd64_microsoft.vc90.crt_1fc8b3b9a1e18e3b_9.0.30729.6161_none_08e61857a83bc251\MSVCR90.dll
0x00000000053a0000 - 0x00000000053ac000 	H:\MATLAB\bin\win64\libmwcolamd.dll
0x000000007a290000 - 0x000000007a2a3000 	H:\MATLAB\bin\win64\libmwblas.dll
0x000000007a310000 - 0x000000007a325000 	H:\MATLAB\bin\win64\libmwbinder.dll
0x00000000053c0000 - 0x00000000053cb000 	H:\MATLAB\bin\win64\libmwompwrapper.dll
0x0000000075820000 - 0x000000007589e000 	H:\MATLAB\bin\win64\libmwlapack.dll
0x000000007a1b0000 - 0x000000007a1d0000 	H:\MATLAB\bin\win64\m_pcodeio.dll
0x00000000053d0000 - 0x000000000542c000 	H:\MATLAB\bin\win64\m_ir.dll
0x0000000005430000 - 0x0000000005ad9000 	H:\MATLAB\bin\win64\m_parser.dll
0x000000007a2f0000 - 0x000000007a307000 	H:\MATLAB\bin\win64\ir_xfmr.dll
0x0000000005ae0000 - 0x0000000005af0000 	H:\MATLAB\bin\win64\mtok.dll
0x000000007a130000 - 0x000000007a158000 	H:\MATLAB\bin\win64\m_pcodegen.dll
0x0000000079fb0000 - 0x0000000079fdf000 	H:\MATLAB\bin\win64\libmwbridge.dll
0x0000000074f40000 - 0x0000000074ff6000 	H:\MATLAB\bin\win64\udd.dll
0x0000000073cc0000 - 0x0000000073e0e000 	H:\MATLAB\bin\win64\libmwgui.dll
0x000000007a1d0000 - 0x000000007a1f4000 	H:\MATLAB\bin\win64\graphics_util.dll
0x000007fed1c80000 - 0x000007fed1d38000 	H:\MATLAB\bin\win64\libtex_base.dll
0x0000000005af0000 - 0x0000000006433000 	H:\MATLAB\bin\win64\hg.dll
0x0000000076100000 - 0x000000007615a000 	H:\MATLAB\bin\win64\libmat.dll
0x0000000006440000 - 0x0000000006648000 	H:\MATLAB\bin\win64\hdf5dll.dll
0x0000000075710000 - 0x00000000757d8000 	H:\MATLAB\bin\win64\jmi.dll
0x0000000006660000 - 0x000000000666e000 	H:\MATLAB\bin\win64\nativejava_services.dll
0x0000000006670000 - 0x00000000066b0000 	H:\MATLAB\bin\win64\libmwhardcopy.dll
0x0000000075c70000 - 0x0000000075cce000 	H:\MATLAB\bin\win64\libuij.dll
0x00000000066b0000 - 0x00000000068ef000 	H:\MATLAB\bin\win64\hgdatatypes.dll
0x00000000068f0000 - 0x00000000069db000 	H:\MATLAB\bin\win64\hgutils.dll
0x00000000069e0000 - 0x0000000006a8e000 	H:\MATLAB\bin\win64\udd_mi.dll
0x0000000006a90000 - 0x0000000006ac6000 	H:\MATLAB\bin\win64\libmwgbtutils.dll
0x0000000006ad0000 - 0x0000000006ae4000 	H:\MATLAB\bin\win64\libmwgbt.dll
0x0000000006af0000 - 0x0000000006dbe000 	H:\MATLAB\bin\win64\uiw.dll
0x0000000006dc0000 - 0x0000000006dc9000 	H:\MATLAB\bin\win64\uinone.dll
0x0000000006dd0000 - 0x0000000006df6000 	H:\MATLAB\bin\win64\libmwnativefiledialogs.dll
0x0000000006e00000 - 0x0000000006e0c000 	H:\MATLAB\bin\win64\libmwplatform_res.dll
0x000007fef5de0000 - 0x000007fef5df8000 	C:\Windows\system32\MPR.dll
0x0000000006e10000 - 0x000000000736d000 	H:\MATLAB\bin\win64\mfc100.dll
0x000007fef88b0000 - 0x000007fef88b7000 	C:\Windows\system32\MSIMG32.dll
0x000007fef88c0000 - 0x000007fef8931000 	C:\Windows\system32\WINSPOOL.DRV
0x0000000007370000 - 0x000000000738d000 	H:\MATLAB\bin\win64\mwoles05.DLL
0x0000000007390000 - 0x00000000073fc000 	H:\MATLAB\bin\win64\comcli.dll
0x0000000079dc0000 - 0x0000000079deb000 	H:\MATLAB\bin\win64\ATL100.DLL
0x0000000007400000 - 0x000000000740c000 	H:\MATLAB\bin\win64\mlautoregister.dll
0x0000000007410000 - 0x0000000007566000 	H:\MATLAB\bin\win64\mvm.dll
0x000007fefd3f0000 - 0x000007fefd447000 	C:\Windows\system32\apphelp.dll
0x000007fed1c20000 - 0x000007fed1c73000 	C:\Windows\AppPatch\AppPatch64\AcGenral.DLL
0x000007fefd3b0000 - 0x000007fefd3d5000 	C:\Windows\system32\SspiCli.dll
0x000000006e330000 - 0x000000006e333000 	C:\Windows\system32\sfc.dll
0x000007feeed50000 - 0x000007feeed60000 	C:\Windows\system32\sfc_os.DLL
0x000007fefd820000 - 0x000007fefd83e000 	C:\Windows\system32\USERENV.dll
0x000007fefd5f0000 - 0x000007fefd5ff000 	C:\Windows\system32\profapi.dll

VM Arguments:
jvm_args: -XX:PermSize=32m -Xms64m -XX:NewRatio=3 -XX:MaxPermSize=128m -Xmx196m -XX:MaxDirectMemorySize=2147400000 -Dsun.java2d.noddraw=true -Dsun.awt.nopixfmt=true -Xshare:off -Xrs -Dsun.awt.disableMixing=true -Djava.library.path=H:\MATLAB\bin\win64;H:\MATLAB\sys\jxbrowser\win64\lib vfprintf abort 
java_command: <unknown>
Launcher Type: generic

Environment Variables:
PATH=H:\MATLAB\bin\win64;C:\PROGRA~1\Basler\pylon 5\Runtime\Win32\;C:\PROGRA~1\Basler\pylon 5\Runtime\x64\;C:\Program Files (x86)\Intel\iCLS Client\;C:\Program Files\Intel\iCLS Client\;C:\Windows\system32;C:\Windows;C:\Windows\System32\Wbem;C:\Windows\System32\WindowsPowerShell\v1.0\;C:\Program Files (x86)\Intel\Intel(R) Management Engine Components\DAL;C:\Program Files\Intel\Intel(R) Management Engine Components\DAL;C:\Program Files (x86)\Intel\Intel(R) Management Engine Components\IPT;C:\Program Files\Intel\Intel(R) Management Engine Components\IPT;C:\Program Files\Intel\WiFi\bin\;C:\Program Files\Common Files\Intel\WirelessCommon\;C:\Program Files\MATLAB\R2015b\bin;C:\Program Files (x86)\IVI Foundation\VISA\WinNT\Bin\;C:\Program Files\IVI Foundation\VISA\Win64\Bin\;C:\Program Files (x86)\IVI Foundation\VISA\WinNT\Bin;C:\Program Files\Thorlabs\Thorlabs OSA;C:\Program Files\Thorlabs\Thorlabs OSA\bin;C:\Program Files (x86)\Skype\Phone\;H:\MATLAB\bin
USERNAME=james
OS=Windows_NT
PROCESSOR_IDENTIFIER=Intel64 Family 6 Model 94 Stepping 3, GenuineIntel



---------------  S Y S T E M  ---------------

OS: Windows 7 Build 7601 Service Pack 1

CPU:total 4 (8 cores per cpu, 2 threads per core) family 6 model 94 stepping 3, cmov, cx8, fxsr, mmx, sse, sse2, sse3, ssse3, sse4.1, sse4.2, ht

Memory: 4k page, physical 8031996k(2028156k free), swap 16062088k(9710140k free)

vm_info: Java HotSpot(TM) 64-Bit Server VM (14.3-b01) for windows-amd64 JRE (1.6.0_17-b04), built on Oct 11 2009 00:46:08 by "java_re" with MS VC++ 8.0

time: Fri Feb 22 15:23:26 2019
elapsed time: 22198 seconds

