#
# A fatal error has been detected by the Java Runtime Environment:
#
#  Internal Error (safepoint.cpp:555), pid=11644, tid=11796
#  Error: Deadlock in safepoint code.  Should have called back to the VM before blocking.
#
# JRE version: 6.0_17-b04
# Java VM: Java HotSpot(TM) 64-Bit Server VM (14.3-b01 mixed mode windows-amd64 )
# If you would like to submit a bug report, please visit:
#   http://java.sun.com/webapps/bugreport/crash.jsp
#

---------------  T H R E A D  ---------------

Current thread (0x0000000006f8f000):  JavaThread "main" [_thread_in_native_trans, id=11796, stack(0x0000000000030000,0x0000000004030000)]

Stack: [0x0000000000030000,0x0000000004030000]
[error occurred during error reporting (printing stack bounds), id 0xe0000000]


[error occurred during error reporting (printing native stack), id 0xe0000000]


---------------  P R O C E S S  ---------------

Java Threads: ( => current thread )
  0x0000000059db4000 JavaThread "Code Analyzer updating thread" [_thread_blocked, id=5044, stack(0x00000000f8000000,0x00000000fc000000)]
  0x0000000059db8800 JavaThread "Code Analyzer updating thread" [_thread_blocked, id=2452, stack(0x00000000cc000000,0x00000000d0000000)]
  0x0000000076577800 JavaThread "Code Analyzer updating thread" [_thread_blocked, id=10976, stack(0x0000000118000000,0x000000011c000000)]
  0x0000000076575800 JavaThread "Active Reference Queue Daemon" daemon [_thread_blocked, id=2224, stack(0x000000010c000000,0x0000000110000000)]
  0x000000007657a800 JavaThread "Timer-2" daemon [_thread_blocked, id=8708, stack(0x00000000c8000000,0x00000000cc000000)]
  0x000000007657c000 JavaThread "Foxtrot Single Worker Thread #1" daemon [_thread_blocked, id=964, stack(0x00000000a0000000,0x00000000a4000000)]
  0x0000000076576800 JavaThread "Prefs Updater" daemon [_thread_blocked, id=9708, stack(0x0000000114000000,0x0000000118000000)]
  0x0000000076579000 JavaThread "Timer-1" daemon [_thread_blocked, id=7848, stack(0x00000000fc000000,0x0000000100000000)]
  0x0000000076574800 JavaThread "com.jniwrapper.NativeResourceCollector" daemon [_thread_blocked, id=2420, stack(0x00000000f4000000,0x00000000f8000000)]
  0x0000000076579800 JavaThread "MultiThreadedHttpConnectionManager cleanup" daemon [_thread_blocked, id=11820, stack(0x00000000d4000000,0x00000000d8000000)]
  0x0000000059db9000 JavaThread "Swing-Shell" daemon [_thread_blocked, id=8704, stack(0x00000000e8000000,0x00000000ec000000)]
  0x0000000059db7000 JavaThread "ClipboardMonitor Timer" daemon [_thread_blocked, id=1220, stack(0x00000000d8000000,0x00000000dc000000)]
  0x0000000059db5800 JavaThread "Explorer NavigationContext request queue" daemon [_thread_blocked, id=10328, stack(0x00000000d0000000,0x00000000d4000000)]
  0x0000000059db3000 JavaThread "AddressBar directory emptiness poller" daemon [_thread_blocked, id=876, stack(0x00000000c4000000,0x00000000c8000000)]
  0x0000000059db2800 JavaThread "Explorer Refresh Service 557137191" daemon [_thread_blocked, id=11108, stack(0x00000000bc000000,0x00000000c0000000)]
  0x0000000059db2000 JavaThread "TimerQueue" daemon [_thread_blocked, id=1684, stack(0x00000000c0000000,0x00000000c4000000)]
  0x0000000059daf000 JavaThread "Thread-3" daemon [_thread_blocked, id=1996, stack(0x00000000ac000000,0x00000000b0000000)]
  0x0000000059db1000 JavaThread "FelixPackageAdmin" daemon [_thread_blocked, id=10720, stack(0x00000000b8000000,0x00000000bc000000)]
  0x0000000059db0800 JavaThread "FelixStartLevel" daemon [_thread_blocked, id=5484, stack(0x00000000b4000000,0x00000000b8000000)]
  0x0000000059daf800 JavaThread "FelixDispatchQueue" daemon [_thread_blocked, id=6228, stack(0x00000000b0000000,0x00000000b4000000)]
  0x0000000059dae000 JavaThread "AWT-EventQueue-0" [_thread_blocked, id=5180, stack(0x00000000a8000000,0x00000000ac000000)]
  0x0000000059dab800 JavaThread "AWT-Shutdown" [_thread_blocked, id=7508, stack(0x0000000098000000,0x000000009c000000)]
  0x0000000059dad800 JavaThread "com.google.common.base.internal.Finalizer" daemon [_thread_blocked, id=2072, stack(0x00000000a4000000,0x00000000a8000000)]
  0x0000000059dac000 JavaThread "AWT-Windows" daemon [_thread_blocked, id=10848, stack(0x000000009c000000,0x00000000a0000000)]
  0x0000000059daa800 JavaThread "Java2D Disposer" daemon [_thread_blocked, id=11400, stack(0x0000000094000000,0x0000000098000000)]
  0x0000000059daa000 JavaThread "Timer-0" [_thread_blocked, id=4364, stack(0x0000000084000000,0x0000000088000000)]
  0x0000000059e5d800 JavaThread "EventMgr Dispatcher" daemon [_thread_in_native, id=908, stack(0x0000000080000000,0x0000000084000000)]
  0x000000004d498800 JavaThread "Low Memory Detector" daemon [_thread_blocked, id=6248, stack(0x00000000683d0000,0x000000006c3d0000)]
  0x000000004d494000 JavaThread "CompilerThread1" daemon [_thread_blocked, id=10580, stack(0x00000000643d0000,0x00000000683d0000)]
  0x000000004d48d000 JavaThread "CompilerThread0" daemon [_thread_blocked, id=7700, stack(0x00000000603d0000,0x00000000643d0000)]
  0x000000004d488800 JavaThread "Attach Listener" daemon [_thread_blocked, id=7992, stack(0x000000005c3d0000,0x00000000603d0000)]
  0x000000000704d800 JavaThread "Finalizer" daemon [_thread_blocked, id=12048, stack(0x0000000055590000,0x0000000059590000)]
  0x0000000007047000 JavaThread "Reference Handler" daemon [_thread_blocked, id=12072, stack(0x0000000051590000,0x0000000055590000)]
=>0x0000000006f8f000 JavaThread "main" [_thread_in_native_trans, id=11796, stack(0x0000000000030000,0x0000000004030000)]

Other Threads:
  0x000000004d433000 VMThread [stack: 0x000000004d590000,0x0000000051590000] [id=12008]
  0x000000004d49f800 WatcherThread [stack: 0x000000006c3d0000,0x00000000703d0000] [id=10024]

VM state:synchronizing (normal execution)

VM Mutex/Monitor currently owned by a thread:  ([mutex/lock_event])
[0x000000000713dec0] Threads_lock - owner thread: 0x000000004d433000
[0x000000000713e240] JNIGlobalHandle_lock - owner thread: 0x0000000006f8f000

Heap
 PSYoungGen      total 15552K, used 10770K [0x000000003a290000, 0x000000003b290000, 0x000000003d390000)
  eden space 14784K, 71% used [0x000000003a290000,0x000000003acd06b8,0x000000003b100000)
  from space 768K, 35% used [0x000000003b100000,0x000000003b144400,0x000000003b1c0000)
  to   space 768K, 0% used [0x000000003b1d0000,0x000000003b1d0000,0x000000003b290000)
 PSOldGen        total 67520K, used 59553K [0x0000000030f90000, 0x0000000035180000, 0x000000003a290000)
  object space 67520K, 88% used [0x0000000030f90000,0x00000000349b8680,0x0000000035180000)
 PSPermGen       total 112832K, used 82853K [0x0000000028f90000, 0x000000002fdc0000, 0x0000000030f90000)
  object space 112832K, 73% used [0x0000000028f90000,0x000000002e0796c0,0x000000002fdc0000)

Dynamic libraries:
0x0000000140000000 - 0x0000000140028000 	H:\MATLAB\bin\win64\MATLAB.exe
0x0000000077960000 - 0x0000000077aff000 	C:\Windows\SYSTEM32\ntdll.dll
0x0000000077740000 - 0x000000007785f000 	C:\Windows\system32\kernel32.dll
0x000007fefd930000 - 0x000007fefd99a000 	C:\Windows\system32\KERNELBASE.dll
0x0000000074460000 - 0x0000000074515000 	H:\MATLAB\bin\win64\libut.dll
0x00000000758a0000 - 0x000000007595f000 	H:\MATLAB\bin\win64\libmwi18n.dll
0x0000000180000000 - 0x000000018000d000 	H:\MATLAB\bin\win64\libmwresource_core.dll
0x00000000787a0000 - 0x0000000078838000 	H:\MATLAB\bin\win64\MSVCP100.dll
0x00000000794e0000 - 0x00000000795b2000 	H:\MATLAB\bin\win64\MSVCR100.dll
0x0000000079d40000 - 0x0000000079d4e000 	H:\MATLAB\bin\win64\boost_date_time-vc100-mt-1_49.dll
0x00000000040d0000 - 0x00000000040fc000 	H:\MATLAB\bin\win64\boost_filesystem-vc100-mt-1_49.dll
0x000000007a4c0000 - 0x000000007a4c9000 	H:\MATLAB\bin\win64\boost_system-vc100-mt-1_49.dll
0x000007feffb70000 - 0x000007feffc4b000 	C:\Windows\system32\ADVAPI32.dll
0x000007fefebb0000 - 0x000007fefec4f000 	C:\Windows\system32\msvcrt.dll
0x000007fefe610000 - 0x000007fefe62f000 	C:\Windows\SYSTEM32\sechost.dll
0x000007fefdf80000 - 0x000007fefe0ad000 	C:\Windows\system32\RPCRT4.dll
0x0000000079ae0000 - 0x0000000079b05000 	H:\MATLAB\bin\win64\LIBEXPAT.dll
0x00000000735f0000 - 0x000000007377a000 	H:\MATLAB\bin\win64\icuin49.dll
0x0000000004230000 - 0x000000000436e000 	H:\MATLAB\bin\win64\icuuc49.dll
0x000000000f6d0000 - 0x00000000107f2000 	H:\MATLAB\bin\win64\icudt49.dll
0x00000000798b0000 - 0x00000000798c0000 	H:\MATLAB\bin\win64\icuio49.dll
0x0000000073f70000 - 0x0000000074112000 	H:\MATLAB\bin\win64\libmwfl.dll
0x0000000004370000 - 0x0000000004757000 	H:\MATLAB\bin\win64\libmwMATLAB_res.dll
0x0000000073980000 - 0x0000000073a5f000 	H:\MATLAB\bin\win64\boost_regex-vc100-mt-1_49.dll
0x0000000077860000 - 0x000000007795a000 	C:\Windows\system32\USER32.dll
0x000007fefed70000 - 0x000007fefedd7000 	C:\Windows\system32\GDI32.dll
0x000007fefeba0000 - 0x000007fefebae000 	C:\Windows\system32\LPK.dll
0x000007fefe430000 - 0x000007fefe4fb000 	C:\Windows\system32\USP10.dll
0x0000000079b30000 - 0x0000000079b41000 	H:\MATLAB\bin\win64\boost_signals-vc100-mt-1_49.dll
0x0000000079630000 - 0x0000000079641000 	H:\MATLAB\bin\win64\boost_thread-vc100-mt-1_49.dll
0x000007fee5370000 - 0x000007fee53fc000 	H:\MATLAB\bin\win64\boost_log-vc100-mt-1_49.dll
0x0000000077b00000 - 0x0000000077b07000 	C:\Windows\system32\PSAPI.DLL
0x000007fefdf20000 - 0x000007fefdf6d000 	C:\Windows\system32\WS2_32.dll
0x000007fefdf70000 - 0x000007fefdf78000 	C:\Windows\system32\NSI.dll
0x000007fee76b0000 - 0x000007fee76e3000 	H:\MATLAB\bin\win64\tbb.dll
0x000007fefe230000 - 0x000007fefe249000 	C:\Windows\system32\imagehlp.dll
0x000007fefc320000 - 0x000007fefc34c000 	C:\Windows\system32\POWRPROF.dll
0x000007fefe250000 - 0x000007fefe427000 	C:\Windows\system32\SETUPAPI.dll
0x000007fefd650000 - 0x000007fefd686000 	C:\Windows\system32\CFGMGR32.dll
0x000007fefe150000 - 0x000007fefe22a000 	C:\Windows\system32\OLEAUT32.dll
0x000007fefd9f0000 - 0x000007fefdbed000 	C:\Windows\system32\ole32.dll
0x000007fefd690000 - 0x000007fefd6aa000 	C:\Windows\system32\DEVOBJ.dll
0x0000000004760000 - 0x0000000004781000 	H:\MATLAB\bin\win64\libmwmfl_scalar.dll
0x000007feeed50000 - 0x000007feeee75000 	C:\Windows\system32\dbghelp.dll
0x0000000004790000 - 0x0000000004abf000 	H:\MATLAB\bin\win64\libmwservices.dll
0x0000000075a20000 - 0x0000000075b0b000 	H:\MATLAB\bin\win64\libmx.dll
0x000007fee7790000 - 0x000007fee77b8000 	H:\MATLAB\bin\win64\tbbmalloc.dll
0x0000000079c30000 - 0x0000000079c47000 	H:\MATLAB\bin\win64\zlib1.dll
0x0000000004ac0000 - 0x0000000004b0e000 	H:\MATLAB\bin\win64\libmwregexp.dll
0x0000000075f10000 - 0x0000000075f57000 	H:\MATLAB\bin\win64\mpath.dll
0x000000007b680000 - 0x000000007bc66000 	H:\MATLAB\bin\win64\mlutil.dll
0x00000000754d0000 - 0x0000000075547000 	H:\MATLAB\bin\win64\xmlcore.dll
0x000000007b390000 - 0x000000007b5d1000 	H:\MATLAB\bin\win64\xerces-c_2_7.dll
0x0000000004b20000 - 0x0000000004b42000 	H:\MATLAB\bin\win64\libmwMATLAB_settings_res.dll
0x000007feea2a0000 - 0x000007feea2b0000 	H:\MATLAB\bin\win64\boost_iostreams-vc100-mt-1_49.dll
0x000007fee65d0000 - 0x000007fee6616000 	H:\MATLAB\bin\win64\boost_serialization-vc100-mt-1_49.dll
0x000007fefede0000 - 0x000007feffb6b000 	C:\Windows\system32\SHELL32.dll
0x000007fefe820000 - 0x000007fefe891000 	C:\Windows\system32\SHLWAPI.dll
0x0000000004b50000 - 0x0000000004b56000 	H:\MATLAB\bin\win64\libmwnativedisplay.dll
0x000007feef1e0000 - 0x000007feef280000 	C:\Windows\WinSxS\amd64_microsoft.windows.common-controls_6595b64144ccf1df_5.82.7601.18837_none_a4d981ff711297b6\COMCTL32.dll
0x000007fefe0b0000 - 0x000007fefe147000 	C:\Windows\system32\COMDLG32.dll
0x000007fefc350000 - 0x000007fefc366000 	C:\Windows\system32\NETAPI32.dll
0x000007fefca90000 - 0x000007fefca9c000 	C:\Windows\system32\netutils.dll
0x000007fefd0e0000 - 0x000007fefd103000 	C:\Windows\system32\srvcli.dll
0x000007fefbec0000 - 0x000007fefbed5000 	C:\Windows\system32\wkscli.dll
0x0000000074970000 - 0x0000000074a18000 	H:\MATLAB\bin\win64\mcr.dll
0x0000000075000000 - 0x00000000753b1000 	H:\MATLAB\bin\win64\iqm.dll
0x0000000074e80000 - 0x0000000074f30000 	H:\MATLAB\bin\win64\m_dispatcher.dll
0x0000000004b60000 - 0x0000000005368000 	H:\MATLAB\bin\win64\m_interpreter.dll
0x000000007a3e0000 - 0x000000007a404000 	H:\MATLAB\bin\win64\libmex.dll
0x0000000075430000 - 0x00000000754ab000 	H:\MATLAB\bin\win64\profiler.dll
0x0000000005370000 - 0x00000000055f3000 	H:\MATLAB\bin\win64\libmwmathutil.dll
0x0000000079f40000 - 0x0000000079f66000 	H:\MATLAB\bin\win64\libmwmathrng.dll
0x0000000005600000 - 0x0000000005610000 	H:\MATLAB\bin\win64\libmwmfl_rng.dll
0x0000000074c10000 - 0x0000000074cf8000 	H:\MATLAB\bin\win64\libmwmathcore.dll
0x0000000076160000 - 0x00000000761c3000 	H:\MATLAB\bin\win64\libmwspmatrix.dll
0x000000007b0a0000 - 0x000000007b2f6000 	H:\MATLAB\bin\win64\mcos.dll
0x0000000075ea0000 - 0x0000000075f02000 	H:\MATLAB\bin\win64\libmwcholmod.dll
0x000000007a460000 - 0x000000007a46d000 	H:\MATLAB\bin\win64\libmwamd.dll
0x0000000072310000 - 0x00000000723b3000 	C:\Windows\WinSxS\amd64_microsoft.vc90.crt_1fc8b3b9a1e18e3b_9.0.30729.6161_none_08e61857a83bc251\MSVCR90.dll
0x000000007a4b0000 - 0x000000007a4bc000 	H:\MATLAB\bin\win64\libmwcolamd.dll
0x000000007a290000 - 0x000000007a2a3000 	H:\MATLAB\bin\win64\libmwblas.dll
0x000000007a310000 - 0x000000007a325000 	H:\MATLAB\bin\win64\libmwbinder.dll
0x000000007a4d0000 - 0x000000007a4db000 	H:\MATLAB\bin\win64\libmwompwrapper.dll
0x0000000075820000 - 0x000000007589e000 	H:\MATLAB\bin\win64\libmwlapack.dll
0x000000007a1b0000 - 0x000000007a1d0000 	H:\MATLAB\bin\win64\m_pcodeio.dll
0x0000000005640000 - 0x000000000569c000 	H:\MATLAB\bin\win64\m_ir.dll
0x00000000056a0000 - 0x0000000005d49000 	H:\MATLAB\bin\win64\m_parser.dll
0x000000007a2f0000 - 0x000000007a307000 	H:\MATLAB\bin\win64\ir_xfmr.dll
0x0000000005d50000 - 0x0000000005d60000 	H:\MATLAB\bin\win64\mtok.dll
0x000000007a130000 - 0x000000007a158000 	H:\MATLAB\bin\win64\m_pcodegen.dll
0x0000000079fb0000 - 0x0000000079fdf000 	H:\MATLAB\bin\win64\libmwbridge.dll
0x0000000074f40000 - 0x0000000074ff6000 	H:\MATLAB\bin\win64\udd.dll
0x0000000073cc0000 - 0x0000000073e0e000 	H:\MATLAB\bin\win64\libmwgui.dll
0x000000007a1d0000 - 0x000000007a1f4000 	H:\MATLAB\bin\win64\graphics_util.dll
0x000007fedee00000 - 0x000007fedeeb8000 	H:\MATLAB\bin\win64\libtex_base.dll
0x0000000005d60000 - 0x00000000066a3000 	H:\MATLAB\bin\win64\hg.dll
0x0000000076100000 - 0x000000007615a000 	H:\MATLAB\bin\win64\libmat.dll
0x0000000072d30000 - 0x0000000072f38000 	H:\MATLAB\bin\win64\hdf5dll.dll
0x0000000075710000 - 0x00000000757d8000 	H:\MATLAB\bin\win64\jmi.dll
0x00000000066c0000 - 0x00000000066ce000 	H:\MATLAB\bin\win64\nativejava_services.dll
0x00000000066d0000 - 0x0000000006710000 	H:\MATLAB\bin\win64\libmwhardcopy.dll
0x0000000075c70000 - 0x0000000075cce000 	H:\MATLAB\bin\win64\libuij.dll
0x0000000072f50000 - 0x000000007318f000 	H:\MATLAB\bin\win64\hgdatatypes.dll
0x0000000006710000 - 0x00000000067fb000 	H:\MATLAB\bin\win64\hgutils.dll
0x0000000006800000 - 0x00000000068ae000 	H:\MATLAB\bin\win64\udd_mi.dll
0x00000000068b0000 - 0x00000000068e6000 	H:\MATLAB\bin\win64\libmwgbtutils.dll
0x00000000068f0000 - 0x0000000006904000 	H:\MATLAB\bin\win64\libmwgbt.dll
0x0000000006910000 - 0x0000000006bde000 	H:\MATLAB\bin\win64\uiw.dll
0x000000007a550000 - 0x000000007a559000 	H:\MATLAB\bin\win64\uinone.dll
0x0000000006be0000 - 0x0000000006c06000 	H:\MATLAB\bin\win64\libmwnativefiledialogs.dll
0x0000000006c10000 - 0x0000000006c1c000 	H:\MATLAB\bin\win64\libmwplatform_res.dll
0x000007fef6310000 - 0x000007fef6328000 	C:\Windows\system32\MPR.dll
0x0000000078a10000 - 0x0000000078f6d000 	H:\MATLAB\bin\win64\mfc100.dll
0x000007fef8990000 - 0x000007fef8997000 	C:\Windows\system32\MSIMG32.dll
0x000007fef89a0000 - 0x000007fef8a11000 	C:\Windows\system32\WINSPOOL.DRV
0x0000000006c20000 - 0x0000000006c3d000 	H:\MATLAB\bin\win64\mwoles05.DLL
0x0000000006c40000 - 0x0000000006cac000 	H:\MATLAB\bin\win64\comcli.dll
0x0000000079c00000 - 0x0000000079c2b000 	H:\MATLAB\bin\win64\ATL100.DLL
0x000000007a450000 - 0x000000007a45c000 	H:\MATLAB\bin\win64\mlautoregister.dll
0x0000000006cb0000 - 0x0000000006e06000 	H:\MATLAB\bin\win64\mvm.dll
0x000007fefeb70000 - 0x000007fefeb9e000 	C:\Windows\system32\IMM32.DLL
0x000007fefe500000 - 0x000007fefe609000 	C:\Windows\system32\MSCTF.dll
0x0000000007050000 - 0x0000000007089000 	C:\PROGRA~2\Sophos\SOPHOS~1\SOPHOS~2.DLL
0x000007fefac10000 - 0x000007fefac66000 	C:\Windows\system32\UxTheme.dll
0x000007fefa840000 - 0x000007fefa858000 	C:\Windows\system32\dwmapi.dll
0x000000005c3c0000 - 0x000000005c3cd000 	H:\MATLAB\bin\win64\MFC100ENU.DLL
0x0000000009190000 - 0x00000000091de000 	H:\MATLAB\bin\win64\MVMLocal.dll

VM Arguments:
jvm_args: -XX:PermSize=32m -Xms64m -XX:NewRatio=3 -XX:MaxPermSize=128m -Xmx196m -XX:MaxDirectMemorySize=2147400000 -Dsun.java2d.noddraw=true -Dsun.awt.nopixfmt=true -Xshare:off -Xrs -Dsun.awt.disableMixing=true -Djava.library.path=H:\MATLAB\bin\win64;H:\MATLAB\sys\jxbrowser\win64\lib vfprintf abort 
java_command: <unknown>
Launcher Type: generic

Environment Variables:
PATH=H:\MATLAB\bin\win64;H:\MATLAB\bin\win64;C:\PROGRA~1\Basler\pylon 5\Runtime\Win32\;C:\PROGRA~1\Basler\pylon 5\Runtime\x64\;C:\Program Files (x86)\Intel\iCLS Client\;C:\Program Files\Intel\iCLS Client\;C:\Windows\system32;C:\Windows;C:\Windows\System32\Wbem;C:\Windows\System32\WindowsPowerShell\v1.0\;C:\Program Files (x86)\Intel\Intel(R) Management Engine Components\DAL;C:\Program Files\Intel\Intel(R) Management Engine Components\DAL;C:\Program Files (x86)\Intel\Intel(R) Management Engine Components\IPT;C:\Program Files\Intel\Intel(R) Management Engine Components\IPT;C:\Program Files\Intel\WiFi\bin\;C:\Program Files\Common Files\Intel\WirelessCommon\;C:\Program Files\MATLAB\R2015b\bin;C:\Program Files (x86)\IVI Foundation\VISA\WinNT\Bin\;C:\Program Files\IVI Foundation\VISA\Win64\Bin\;C:\Program Files (x86)\IVI Foundation\VISA\WinNT\Bin;C:\Program Files\Thorlabs\Thorlabs OSA;C:\Program Files\Thorlabs\Thorlabs OSA\bin;C:\Program Files (x86)\Skype\Phone\;H:\MATLAB\bin
USERNAME=james
OS=Windows_NT
PROCESSOR_IDENTIFIER=Intel64 Family 6 Model 94 Stepping 3, GenuineIntel



---------------  S Y S T E M  ---------------

OS: Windows 7 Build 7601 Service Pack 1

CPU:total 4 (8 cores per cpu, 2 threads per core) family 6 model 94 stepping 3, cmov, cx8, fxsr, mmx, sse, sse2, sse3, ssse3, sse4.1, sse4.2, ht

Memory: 4k page, physical 8031996k(2505192k free), swap 16062116k(10321336k free)

vm_info: Java HotSpot(TM) 64-Bit Server VM (14.3-b01) for windows-amd64 JRE (1.6.0_17-b04), built on Oct 11 2009 00:46:08 by "java_re" with MS VC++ 8.0

time: Wed Jul 11 14:25:25 2018
elapsed time: 19983 seconds

