#
# A fatal error has been detected by the Java Runtime Environment:
#
#  EXCEPTION_ACCESS_VIOLATION (0xc0000005) at pc=0x0000000078aae9f9, pid=12240, tid=9576
#
# JRE version: 6.0_17-b04
# Java VM: Java HotSpot(TM) 64-Bit Server VM (14.3-b01 mixed mode windows-amd64 )
# Problematic frame:
# C  0x0000000078aae9f9
#
# If you would like to submit a bug report, please visit:
#   http://java.sun.com/webapps/bugreport/crash.jsp
#

---------------  T H R E A D  ---------------

Current thread (0x00000000553b7000):  JavaThread "AWT-EventQueue-0" [_thread_in_vm, id=9576, stack(0x00000000a0000000,0x00000000a4000000)]

siginfo: ExceptionCode=0xc0000005, reading address 0x0000000000000001

Registers:
EAX=0x0000000000000001, EBX=0x000000000671e250, ECX=0x00000000065de3a0, EDX=0x0000000033d341e8
ESP=0x00000000a3fff080, EBP=0x0000000033d341e8, ESI=0x0000000033d341e8, EDI=0x00000000065de3a0
EIP=0x0000000078aae9f9, EFLAGS=0x0000000000010202

Top of Stack: (sp=0x00000000a3fff080)
0x00000000a3fff080:   000000002a263b38 0000000000000000
0x00000000a3fff090:   00000000a3fff0b8 0000000078a88418
0x00000000a3fff0a0:   00000000285a6550 0000000078aaeb14
0x00000000a3fff0b0:   000000000671e250 00000000a3fff1e0
0x00000000a3fff0c0:   0000000033d341e8 00000000553b4378
0x00000000a3fff0d0:   00000000553b71b8 0000000078a6f749
0x00000000a3fff0e0:   00000000a3fff198 00000000a3fff190
0x00000000a3fff0f0:   00000000553b4378 00000000553b7000
0x00000000a3fff100:   00000000553b7000 0000000000000000
0x00000000a3fff110:   00000000250e5ac2 fffffffffffffffe
0x00000000a3fff120:   0000000033d341d8 000000000fdeba6e
0x00000000a3fff130:   00000000553b71b8 0000000000000004
0x00000000a3fff140:   00000000a3fff198 00000000a3fff190
0x00000000a3fff150:   0000000000000000 00000000a3fff158
0x00000000a3fff160:   000000002850c090 0000000025416069
0x00000000a3fff170:   000000002851be40 000000002854df90 

Instructions: (pc=0x0000000078aae9f9)
0x0000000078aae9e9:   c1 89 8a 00 01 00 00 eb 11 48 8b 87 20 01 00 00
0x0000000078aae9f9:   48 8b 08 48 89 8f 20 01 00 00 4c 8b 64 24 20 48 


Stack: [0x00000000a0000000,0x00000000a4000000],  sp=0x00000000a3fff080,  free space=65532k
Native frames: (J=compiled Java code, j=interpreted, Vv=VM code, C=native code)
C  0x0000000078aae9f9

Java frames: (J=compiled Java code, j=interpreted, Vv=VM code)
J  sun.awt.windows.WComponentPeer.nativeHandleEvent(Ljava/awt/AWTEvent;)V
J  sun.awt.windows.WComponentPeer.handleEvent(Ljava/awt/AWTEvent;)V
J  java.awt.Component.dispatchEventImpl(Ljava/awt/AWTEvent;)V
J  java.awt.DefaultKeyboardFocusManager.typeAheadAssertions(Ljava/awt/Component;Ljava/awt/AWTEvent;)Z
J  java.awt.DefaultKeyboardFocusManager.dispatchEvent(Ljava/awt/AWTEvent;)Z
J  java.awt.Component.dispatchEventImpl(Ljava/awt/AWTEvent;)V
J  java.awt.EventQueue.dispatchEvent(Ljava/awt/AWTEvent;)V
J  java.awt.SequencedEvent.dispatch()V
J  java.awt.EventDispatchThread.pumpOneEventForFilters(I)Z
J  java.awt.EventDispatchThread.pumpEventsForFilter(ILjava/awt/Conditional;Ljava/awt/EventFilter;)V
j  java.awt.EventDispatchThread.pumpEventsForHierarchy(ILjava/awt/Conditional;Ljava/awt/Component;)V+11
j  java.awt.EventDispatchThread.pumpEvents(ILjava/awt/Conditional;)V+4
j  java.awt.EventDispatchThread.pumpEvents(Ljava/awt/Conditional;)V+3
j  java.awt.EventDispatchThread.run()V+9
v  ~StubRoutines::call_stub

---------------  P R O C E S S  ---------------

Java Threads: ( => current thread )
  0x0000000055188000 JavaThread "Timer-2" daemon [_thread_blocked, id=4676, stack(0x0000000114000000,0x0000000118000000)]
  0x0000000061b01800 JavaThread "com.jniwrapper.NativeResourceCollector" daemon [_thread_blocked, id=11504, stack(0x0000000104000000,0x0000000108000000)]
  0x0000000061b02800 JavaThread "Swing-Shell" daemon [_thread_blocked, id=11376, stack(0x0000000108000000,0x000000010c000000)]
  0x000000005518f000 JavaThread "Code Analyzer updating thread" [_thread_blocked, id=10912, stack(0x00000000f4000000,0x00000000f8000000)]
  0x000000005518d800 JavaThread "Code Analyzer updating thread" [_thread_blocked, id=4772, stack(0x00000000f0000000,0x00000000f4000000)]
  0x000000005518d000 JavaThread "Code Analyzer updating thread" [_thread_blocked, id=1504, stack(0x00000000ec000000,0x00000000f0000000)]
  0x000000005518c000 JavaThread "Code Analyzer updating thread" [_thread_blocked, id=12272, stack(0x00000000e8000000,0x00000000ec000000)]
  0x000000005518b800 JavaThread "Code Analyzer updating thread" [_thread_blocked, id=9636, stack(0x00000000e4000000,0x00000000e8000000)]
  0x000000005518a800 JavaThread "Code Analyzer updating thread" [_thread_blocked, id=2560, stack(0x00000000e0000000,0x00000000e4000000)]
  0x000000005518a000 JavaThread "Active Reference Queue Daemon" daemon [_thread_blocked, id=7480, stack(0x00000000dc000000,0x00000000e0000000)]
  0x0000000055189800 JavaThread "Timer-1" daemon [_thread_blocked, id=10220, stack(0x00000000d8000000,0x00000000dc000000)]
  0x0000000055188800 JavaThread "ClipboardMonitor Timer" daemon [_thread_blocked, id=4548, stack(0x00000000d4000000,0x00000000d8000000)]
  0x0000000055187000 JavaThread "Explorer NavigationContext request queue" daemon [_thread_blocked, id=7376, stack(0x00000000cc000000,0x00000000d0000000)]
  0x0000000055185800 JavaThread "AddressBar directory emptiness poller" daemon [_thread_blocked, id=9368, stack(0x00000000c4000000,0x00000000c8000000)]
  0x0000000055185000 JavaThread "Explorer Refresh Service 1416472811" daemon [_thread_blocked, id=11788, stack(0x00000000b4000000,0x00000000b8000000)]
  0x0000000055183800 JavaThread "TimerQueue" daemon [_thread_blocked, id=1248, stack(0x00000000b8000000,0x00000000bc000000)]
  0x0000000055183000 JavaThread "Thread-3" daemon [_thread_blocked, id=12044, stack(0x00000000a4000000,0x00000000a8000000)]
  0x0000000055311800 JavaThread "FelixPackageAdmin" daemon [_thread_blocked, id=2368, stack(0x00000000b0000000,0x00000000b4000000)]
  0x000000005530f800 JavaThread "FelixStartLevel" daemon [_thread_blocked, id=11084, stack(0x00000000ac000000,0x00000000b0000000)]
  0x0000000055217000 JavaThread "FelixDispatchQueue" daemon [_thread_blocked, id=4628, stack(0x00000000a8000000,0x00000000ac000000)]
=>0x00000000553b7000 JavaThread "AWT-EventQueue-0" [_thread_in_vm, id=9576, stack(0x00000000a0000000,0x00000000a4000000)]
  0x00000000553b6800 JavaThread "AWT-Shutdown" [_thread_blocked, id=6660, stack(0x0000000090000000,0x0000000094000000)]
  0x0000000055120800 JavaThread "com.google.common.base.internal.Finalizer" daemon [_thread_blocked, id=12072, stack(0x000000009c000000,0x00000000a0000000)]
  0x0000000054f78800 JavaThread "AWT-Windows" daemon [_thread_in_native, id=752, stack(0x0000000094000000,0x0000000098000000)]
  0x0000000054f77800 JavaThread "Java2D Disposer" daemon [_thread_blocked, id=11912, stack(0x000000008c000000,0x0000000090000000)]
  0x0000000054cf0800 JavaThread "Timer-0" [_thread_blocked, id=10356, stack(0x0000000088000000,0x000000008c000000)]
  0x0000000054a8c800 JavaThread "EventMgr Dispatcher" daemon [_thread_in_native, id=11676, stack(0x0000000084000000,0x0000000088000000)]
  0x000000000fc5b000 JavaThread "Low Memory Detector" daemon [_thread_blocked, id=11176, stack(0x000000006b850000,0x000000006f850000)]
  0x000000000fc52800 JavaThread "CompilerThread1" daemon [_thread_blocked, id=11260, stack(0x00000000670b0000,0x000000006b0b0000)]
  0x000000000fc4c800 JavaThread "CompilerThread0" daemon [_thread_blocked, id=10040, stack(0x00000000630b0000,0x00000000670b0000)]
  0x000000000fc4b800 JavaThread "Attach Listener" daemon [_thread_blocked, id=10320, stack(0x000000005ac10000,0x000000005ec10000)]
  0x000000000fbfb000 JavaThread "Finalizer" daemon [_thread_blocked, id=7564, stack(0x0000000056c10000,0x000000005ac10000)]
  0x000000000668b000 JavaThread "Reference Handler" daemon [_thread_blocked, id=4732, stack(0x00000000504e0000,0x00000000544e0000)]
  0x00000000065cf000 JavaThread "main" [_thread_blocked, id=4588, stack(0x0000000000030000,0x0000000004030000)]

Other Threads:
  0x000000000fbf2800 VMThread [stack: 0x000000004c4e0000,0x00000000504e0000] [id=5464]
  0x000000000fc6e000 WatcherThread [stack: 0x0000000080000000,0x0000000084000000] [id=8412]

VM state:not at safepoint (normal execution)

VM Mutex/Monitor currently owned by a thread:  ([mutex/lock_event])
[0x000000000671e250] JNIGlobalHandle_lock - owner thread: 0x00000000553b7000

Heap
 PSYoungGen      total 15936K, used 13536K [0x00000000393e0000, 0x000000003a3e0000, 0x000000003c4e0000)
  eden space 15424K, 86% used [0x00000000393e0000,0x000000003a0e0630,0x000000003a2f0000)
  from space 512K, 43% used [0x000000003a360000,0x000000003a3979d8,0x000000003a3e0000)
  to   space 448K, 0% used [0x000000003a2f0000,0x000000003a2f0000,0x000000003a360000)
 PSOldGen        total 65728K, used 62367K [0x00000000300e0000, 0x0000000034110000, 0x00000000393e0000)
  object space 65728K, 94% used [0x00000000300e0000,0x0000000033dc7f68,0x0000000034110000)
 PSPermGen       total 131072K, used 71523K [0x00000000280e0000, 0x00000000300e0000, 0x00000000300e0000)
  object space 131072K, 54% used [0x00000000280e0000,0x000000002c6b8d58,0x00000000300e0000)

Dynamic libraries:
0x0000000140000000 - 0x0000000140028000 	H:\MATLAB\bin\win64\MATLAB.exe
0x0000000077c60000 - 0x0000000077dff000 	C:\Windows\SYSTEM32\ntdll.dll
0x0000000077b40000 - 0x0000000077c5f000 	C:\Windows\system32\kernel32.dll
0x000007fefd990000 - 0x000007fefd9fa000 	C:\Windows\system32\KERNELBASE.dll
0x0000000074460000 - 0x0000000074515000 	H:\MATLAB\bin\win64\libut.dll
0x00000000758a0000 - 0x000000007595f000 	H:\MATLAB\bin\win64\libmwi18n.dll
0x0000000180000000 - 0x000000018000d000 	H:\MATLAB\bin\win64\libmwresource_core.dll
0x000000006b6d0000 - 0x000000006b768000 	H:\MATLAB\bin\win64\MSVCP100.dll
0x000000006b5f0000 - 0x000000006b6c2000 	H:\MATLAB\bin\win64\MSVCR100.dll
0x000000006b840000 - 0x000000006b84e000 	H:\MATLAB\bin\win64\boost_date_time-vc100-mt-1_49.dll
0x000000006b810000 - 0x000000006b83c000 	H:\MATLAB\bin\win64\boost_filesystem-vc100-mt-1_49.dll
0x000000006b800000 - 0x000000006b809000 	H:\MATLAB\bin\win64\boost_system-vc100-mt-1_49.dll
0x000007fefe400000 - 0x000007fefe4db000 	C:\Windows\system32\ADVAPI32.dll
0x000007fefed70000 - 0x000007fefee0f000 	C:\Windows\system32\msvcrt.dll
0x000007fefee10000 - 0x000007fefee2f000 	C:\Windows\SYSTEM32\sechost.dll
0x000007fefef80000 - 0x000007feff0ad000 	C:\Windows\system32\RPCRT4.dll
0x000000006b5c0000 - 0x000000006b5e5000 	H:\MATLAB\bin\win64\LIBEXPAT.dll
0x000000006b430000 - 0x000000006b5ba000 	H:\MATLAB\bin\win64\icuin49.dll
0x0000000062f70000 - 0x00000000630ae000 	H:\MATLAB\bin\win64\icuuc49.dll
0x000000000ffb0000 - 0x00000000110d2000 	H:\MATLAB\bin\win64\icudt49.dll
0x000000006b7f0000 - 0x000000006b800000 	H:\MATLAB\bin\win64\icuio49.dll
0x0000000073f70000 - 0x0000000074112000 	H:\MATLAB\bin\win64\libmwfl.dll
0x000000007a350000 - 0x000000007a737000 	H:\MATLAB\bin\win64\libmwMATLAB_res.dll
0x0000000062e90000 - 0x0000000062f6f000 	H:\MATLAB\bin\win64\boost_regex-vc100-mt-1_49.dll
0x0000000077a40000 - 0x0000000077b3a000 	C:\Windows\system32\USER32.dll
0x000007fefdff0000 - 0x000007fefe057000 	C:\Windows\system32\GDI32.dll
0x000007fefff40000 - 0x000007fefff4e000 	C:\Windows\system32\LPK.dll
0x000007fefe060000 - 0x000007fefe12b000 	C:\Windows\system32\USP10.dll
0x000000006b410000 - 0x000000006b421000 	H:\MATLAB\bin\win64\boost_signals-vc100-mt-1_49.dll
0x000000006b3f0000 - 0x000000006b401000 	H:\MATLAB\bin\win64\boost_thread-vc100-mt-1_49.dll
0x000007fee72f0000 - 0x000007fee737c000 	H:\MATLAB\bin\win64\boost_log-vc100-mt-1_49.dll
0x0000000077e10000 - 0x0000000077e17000 	C:\Windows\system32\PSAPI.DLL
0x000007fefe330000 - 0x000007fefe37d000 	C:\Windows\system32\WS2_32.dll
0x000007fefeed0000 - 0x000007fefeed8000 	C:\Windows\system32\NSI.dll
0x000007fee72b0000 - 0x000007fee72e3000 	H:\MATLAB\bin\win64\tbb.dll
0x000007fefeeb0000 - 0x000007fefeec9000 	C:\Windows\system32\imagehlp.dll
0x000007fefc4a0000 - 0x000007fefc4cc000 	C:\Windows\system32\POWRPROF.dll
0x000007fefdb70000 - 0x000007fefdd47000 	C:\Windows\system32\SETUPAPI.dll
0x000007fefd940000 - 0x000007fefd976000 	C:\Windows\system32\CFGMGR32.dll
0x000007fefdf10000 - 0x000007fefdfea000 	C:\Windows\system32\OLEAUT32.dll
0x000007fefe130000 - 0x000007fefe32f000 	C:\Windows\system32\ole32.dll
0x000007fefd840000 - 0x000007fefd85a000 	C:\Windows\system32\DEVOBJ.dll
0x0000000004230000 - 0x0000000004251000 	H:\MATLAB\bin\win64\libmwmfl_scalar.dll
0x000007feeeed0000 - 0x000007feeeff5000 	C:\Windows\system32\dbghelp.dll
0x0000000004260000 - 0x000000000458f000 	H:\MATLAB\bin\win64\libmwservices.dll
0x0000000075a20000 - 0x0000000075b0b000 	H:\MATLAB\bin\win64\libmx.dll
0x000007fee7280000 - 0x000007fee72a8000 	H:\MATLAB\bin\win64\tbbmalloc.dll
0x000000006b3d0000 - 0x000000006b3e7000 	H:\MATLAB\bin\win64\zlib1.dll
0x0000000004590000 - 0x00000000045de000 	H:\MATLAB\bin\win64\libmwregexp.dll
0x0000000075f10000 - 0x0000000075f57000 	H:\MATLAB\bin\win64\mpath.dll
0x000000007b680000 - 0x000000007bc66000 	H:\MATLAB\bin\win64\mlutil.dll
0x00000000754d0000 - 0x0000000075547000 	H:\MATLAB\bin\win64\xmlcore.dll
0x000000005fb60000 - 0x000000005fda1000 	H:\MATLAB\bin\win64\xerces-c_2_7.dll
0x00000000045e0000 - 0x0000000004602000 	H:\MATLAB\bin\win64\libmwMATLAB_settings_res.dll
0x000007feeca00000 - 0x000007feeca10000 	H:\MATLAB\bin\win64\boost_iostreams-vc100-mt-1_49.dll
0x000007fee7230000 - 0x000007fee7276000 	H:\MATLAB\bin\win64\boost_serialization-vc100-mt-1_49.dll
0x000007feff1b0000 - 0x000007fefff3a000 	C:\Windows\system32\SHELL32.dll
0x000007fefe380000 - 0x000007fefe3f1000 	C:\Windows\system32\SHLWAPI.dll
0x0000000004120000 - 0x0000000004126000 	H:\MATLAB\bin\win64\libmwnativedisplay.dll
0x000007feef120000 - 0x000007feef1c0000 	C:\Windows\WinSxS\amd64_microsoft.windows.common-controls_6595b64144ccf1df_5.82.7601.18837_none_a4d981ff711297b6\COMCTL32.dll
0x000007fefeee0000 - 0x000007fefef77000 	C:\Windows\system32\COMDLG32.dll
0x000007fefbf90000 - 0x000007fefbfa6000 	C:\Windows\system32\NETAPI32.dll
0x000007fefcf50000 - 0x000007fefcf5c000 	C:\Windows\system32\netutils.dll
0x000007fefd210000 - 0x000007fefd233000 	C:\Windows\system32\srvcli.dll
0x000007fefbf60000 - 0x000007fefbf75000 	C:\Windows\system32\wkscli.dll
0x0000000074970000 - 0x0000000074a18000 	H:\MATLAB\bin\win64\mcr.dll
0x0000000075000000 - 0x00000000753b1000 	H:\MATLAB\bin\win64\iqm.dll
0x0000000074e80000 - 0x0000000074f30000 	H:\MATLAB\bin\win64\m_dispatcher.dll
0x0000000004610000 - 0x0000000004e18000 	H:\MATLAB\bin\win64\m_interpreter.dll
0x0000000004e20000 - 0x0000000004e44000 	H:\MATLAB\bin\win64\libmex.dll
0x0000000075430000 - 0x00000000754ab000 	H:\MATLAB\bin\win64\profiler.dll
0x0000000004e50000 - 0x00000000050d3000 	H:\MATLAB\bin\win64\libmwmathutil.dll
0x0000000079f40000 - 0x0000000079f66000 	H:\MATLAB\bin\win64\libmwmathrng.dll
0x00000000050e0000 - 0x00000000050f0000 	H:\MATLAB\bin\win64\libmwmfl_rng.dll
0x0000000074c10000 - 0x0000000074cf8000 	H:\MATLAB\bin\win64\libmwmathcore.dll
0x0000000076160000 - 0x00000000761c3000 	H:\MATLAB\bin\win64\libmwspmatrix.dll
0x000000007b0a0000 - 0x000000007b2f6000 	H:\MATLAB\bin\win64\mcos.dll
0x0000000075ea0000 - 0x0000000075f02000 	H:\MATLAB\bin\win64\libmwcholmod.dll
0x0000000005100000 - 0x000000000510d000 	H:\MATLAB\bin\win64\libmwamd.dll
0x0000000073550000 - 0x00000000735f3000 	C:\Windows\WinSxS\amd64_microsoft.vc90.crt_1fc8b3b9a1e18e3b_9.0.30729.6161_none_08e61857a83bc251\MSVCR90.dll
0x0000000005120000 - 0x000000000512c000 	H:\MATLAB\bin\win64\libmwcolamd.dll
0x000000007a290000 - 0x000000007a2a3000 	H:\MATLAB\bin\win64\libmwblas.dll
0x000000007a310000 - 0x000000007a325000 	H:\MATLAB\bin\win64\libmwbinder.dll
0x0000000005140000 - 0x000000000514b000 	H:\MATLAB\bin\win64\libmwompwrapper.dll
0x0000000075820000 - 0x000000007589e000 	H:\MATLAB\bin\win64\libmwlapack.dll
0x000000007a1b0000 - 0x000000007a1d0000 	H:\MATLAB\bin\win64\m_pcodeio.dll
0x0000000079b10000 - 0x0000000079b6c000 	H:\MATLAB\bin\win64\m_ir.dll
0x0000000078ed0000 - 0x0000000079579000 	H:\MATLAB\bin\win64\m_parser.dll
0x000000007a2f0000 - 0x000000007a307000 	H:\MATLAB\bin\win64\ir_xfmr.dll
0x0000000005150000 - 0x0000000005160000 	H:\MATLAB\bin\win64\mtok.dll
0x000000007a130000 - 0x000000007a158000 	H:\MATLAB\bin\win64\m_pcodegen.dll
0x0000000079fb0000 - 0x0000000079fdf000 	H:\MATLAB\bin\win64\libmwbridge.dll
0x0000000074f40000 - 0x0000000074ff6000 	H:\MATLAB\bin\win64\udd.dll
0x0000000073cc0000 - 0x0000000073e0e000 	H:\MATLAB\bin\win64\libmwgui.dll
0x000000007a1d0000 - 0x000000007a1f4000 	H:\MATLAB\bin\win64\graphics_util.dll
0x000007fee7170000 - 0x000007fee7228000 	H:\MATLAB\bin\win64\libtex_base.dll
0x0000000005160000 - 0x0000000005aa3000 	H:\MATLAB\bin\win64\hg.dll
0x0000000076100000 - 0x000000007615a000 	H:\MATLAB\bin\win64\libmat.dll
0x0000000072d30000 - 0x0000000072f38000 	H:\MATLAB\bin\win64\hdf5dll.dll
0x0000000075710000 - 0x00000000757d8000 	H:\MATLAB\bin\win64\jmi.dll
0x0000000005ac0000 - 0x0000000005ace000 	H:\MATLAB\bin\win64\nativejava_services.dll
0x0000000005ad0000 - 0x0000000005b10000 	H:\MATLAB\bin\win64\libmwhardcopy.dll
0x0000000075c70000 - 0x0000000075cce000 	H:\MATLAB\bin\win64\libuij.dll
0x0000000072f50000 - 0x000000007318f000 	H:\MATLAB\bin\win64\hgdatatypes.dll
0x0000000005b10000 - 0x0000000005bfb000 	H:\MATLAB\bin\win64\hgutils.dll
0x0000000005c00000 - 0x0000000005cae000 	H:\MATLAB\bin\win64\udd_mi.dll
0x0000000005cb0000 - 0x0000000005ce6000 	H:\MATLAB\bin\win64\libmwgbtutils.dll
0x0000000005cf0000 - 0x0000000005d04000 	H:\MATLAB\bin\win64\libmwgbt.dll
0x0000000005d10000 - 0x0000000005fde000 	H:\MATLAB\bin\win64\uiw.dll
0x0000000005fe0000 - 0x0000000005fe9000 	H:\MATLAB\bin\win64\uinone.dll
0x0000000005ff0000 - 0x0000000006016000 	H:\MATLAB\bin\win64\libmwnativefiledialogs.dll
0x0000000006020000 - 0x000000000602c000 	H:\MATLAB\bin\win64\libmwplatform_res.dll
0x000007fef6300000 - 0x000007fef6318000 	C:\Windows\system32\MPR.dll
0x00000000566b0000 - 0x0000000056c0d000 	H:\MATLAB\bin\win64\mfc100.dll
0x000007fef8aa0000 - 0x000007fef8aa7000 	C:\Windows\system32\MSIMG32.dll
0x000007fef8ab0000 - 0x000007fef8b21000 	C:\Windows\system32\WINSPOOL.DRV
0x0000000006030000 - 0x000000000604d000 	H:\MATLAB\bin\win64\mwoles05.DLL
0x0000000006050000 - 0x00000000060bc000 	H:\MATLAB\bin\win64\comcli.dll
0x000000006b3a0000 - 0x000000006b3cb000 	H:\MATLAB\bin\win64\ATL100.DLL
0x00000000060c0000 - 0x00000000060cc000 	H:\MATLAB\bin\win64\mlautoregister.dll
0x00000000060d0000 - 0x0000000006226000 	H:\MATLAB\bin\win64\mvm.dll
0x000007fefd5b0000 - 0x000007fefd607000 	C:\Windows\system32\apphelp.dll
0x000007fee7110000 - 0x000007fee7163000 	C:\Windows\AppPatch\AppPatch64\AcGenral.DLL
0x000007fefd570000 - 0x000007fefd595000 	C:\Windows\system32\SspiCli.dll
0x0000000070950000 - 0x0000000070953000 	C:\Windows\system32\sfc.dll
0x000007feef110000 - 0x000007feef120000 	C:\Windows\system32\sfc_os.DLL
0x000007fefd910000 - 0x000007fefd92e000 	C:\Windows\system32\USERENV.dll
0x000007fefd7c0000 - 0x000007fefd7cf000 	C:\Windows\system32\profapi.dll

VM Arguments:
jvm_args: -XX:PermSize=32m -Xms64m -XX:NewRatio=3 -XX:MaxPermSize=128m -Xmx196m -XX:MaxDirectMemorySize=2147400000 -Dsun.java2d.noddraw=true -Dsun.awt.nopixfmt=true -Xshare:off -Xrs -Dsun.awt.disableMixing=true -Djava.library.path=H:\MATLAB\bin\win64;H:\MATLAB\sys\jxbrowser\win64\lib vfprintf abort 
java_command: <unknown>
Launcher Type: generic

Environment Variables:
PATH=C:\PROGRA~1\Basler\pylon 5\Runtime\Win32\;C:\PROGRA~1\Basler\pylon 5\Runtime\x64\;C:\Program Files (x86)\Intel\iCLS Client\;C:\Program Files\Intel\iCLS Client\;C:\Windows\system32;C:\Windows;C:\Windows\System32\Wbem;C:\Windows\System32\WindowsPowerShell\v1.0\;C:\Program Files (x86)\Intel\Intel(R) Management Engine Components\DAL;C:\Program Files\Intel\Intel(R) Management Engine Components\DAL;C:\Program Files (x86)\Intel\Intel(R) Management Engine Components\IPT;C:\Program Files\Intel\Intel(R) Management Engine Components\IPT;C:\Program Files\Intel\WiFi\bin\;C:\Program Files\Common Files\Intel\WirelessCommon\;C:\Program Files\MATLAB\R2015b\bin;C:\Program Files (x86)\IVI Foundation\VISA\WinNT\Bin\;C:\Program Files\IVI Foundation\VISA\Win64\Bin\;C:\Program Files (x86)\IVI Foundation\VISA\WinNT\Bin;C:\Program Files\Thorlabs\Thorlabs OSA;C:\Program Files\Thorlabs\Thorlabs OSA\bin;C:\Program Files (x86)\Skype\Phone\;H:\MATLAB\bin
USERNAME=james
OS=Windows_NT
PROCESSOR_IDENTIFIER=Intel64 Family 6 Model 94 Stepping 3, GenuineIntel



---------------  S Y S T E M  ---------------

OS: Windows 7 Build 7601 Service Pack 1

CPU:total 4 (8 cores per cpu, 2 threads per core) family 6 model 94 stepping 3, cmov, cx8, fxsr, mmx, sse, sse2, sse3, ssse3, sse4.1, sse4.2, ht

Memory: 4k page, physical 8031996k(3732300k free), swap 16062088k(11207168k free)

vm_info: Java HotSpot(TM) 64-Bit Server VM (14.3-b01) for windows-amd64 JRE (1.6.0_17-b04), built on Oct 11 2009 00:46:08 by "java_re" with MS VC++ 8.0

time: Tue Feb 19 16:19:14 2019
elapsed time: 25251 seconds

